[2025-05-11 05:34:51] ==== SERVER STARTED ====
[2025-05-11 05:34:51] Views path: C:\Users\WIND-OF-FALL\Documents\Web\Web\views
[2025-05-11 05:34:51] Layout set to: C:\Users\WIND-OF-FALL\Documents\Web\Web\views\layouts\main.ejs
[2025-05-11 05:34:51] Server running on port 3001
[2025-05-11 05:35:08] ==== SERVER STARTED ====
[2025-05-11 05:35:08] Views path: C:\Users\WIND-OF-FALL\Documents\Web\Web\views
[2025-05-11 05:35:08] Server running on port 3001
[2025-05-11 05:35:08] Layout set to: C:\Users\WIND-OF-FALL\Documents\Web\Web\views\layouts\main.ejs
[2025-05-11 05:35:10] ==== SERVER STARTED ====
[2025-05-11 05:35:10] Views path: C:\Users\WIND-OF-FALL\Documents\Web\Web\views
[2025-05-11 05:35:10] Server running on port 3001
[2025-05-11 05:35:10] Layout set to: C:\Users\WIND-OF-FALL\Documents\Web\Web\views\layouts\main.ejs
[2025-05-11 05:35:33] ==== SERVER STARTED ====
[2025-05-11 05:35:33] Views path: C:\Users\WIND-OF-FALL\Documents\Web\Web\views
[2025-05-11 05:35:33] Layout set to: C:\Users\WIND-OF-FALL\Documents\Web\Web\views\layouts\main.ejs
[2025-05-11 05:35:33] Server running on port 3001
[2025-05-11 05:35:54] ==== SERVER STARTED ====
[2025-05-11 05:35:54] Views path: C:\Users\WIND-OF-FALL\Documents\Web\Web\views
[2025-05-11 05:35:54] Layout set to: C:\Users\WIND-OF-FALL\Documents\Web\Web\views\layouts\main.ejs
[2025-05-11 05:35:54] Server running on port 3001
[2025-05-11 05:35:56] ==== SERVER STARTED ====
[2025-05-11 05:35:56] Server running on port 3001
[2025-05-11 05:35:56] Views path: C:\Users\WIND-OF-FALL\Documents\Web\Web\views
[2025-05-11 05:35:56] Layout set to: C:\Users\WIND-OF-FALL\Documents\Web\Web\views\layouts\main.ejs
[2025-05-11 05:36:08] ==== SERVER STARTED ====
[2025-05-11 05:36:08] Views path: C:\Users\WIND-OF-FALL\Documents\Web\Web\views
[2025-05-11 05:36:08] Layout set to: C:\Users\WIND-OF-FALL\Documents\Web\Web\views\layouts\main.ejs
[2025-05-11 05:36:08] Server running on port 3001
[2025-05-11 05:36:30] ==== SERVER STARTED ====
[2025-05-11 05:36:30] Views path: C:\Users\WIND-OF-FALL\Documents\Web\Web\views
[2025-05-11 05:36:30] Layout set to: C:\Users\WIND-OF-FALL\Documents\Web\Web\views\layouts\main.ejs
[2025-05-11 05:36:30] Server running on port 3001
[2025-05-11 05:36:32] ==== SERVER STARTED ====
[2025-05-11 05:36:32] Views path: C:\Users\WIND-OF-FALL\Documents\Web\Web\views
[2025-05-11 05:36:32] Layout set to: C:\Users\WIND-OF-FALL\Documents\Web\Web\views\layouts\main.ejs
[2025-05-11 05:36:32] Server running on port 3001
[2025-05-11 05:36:43] ==== SERVER STARTED ====
[2025-05-11 05:36:43] Views path: C:\Users\WIND-OF-FALL\Documents\Web\Web\views
[2025-05-11 05:36:43] Layout set to: C:\Users\WIND-OF-FALL\Documents\Web\Web\views\layouts\main.ejs
[2025-05-11 05:36:43] Server running on port 3001
[2025-05-11 05:38:51] [GET] /classes/1 - ::1 - Guest - Mozilla/5.0 (Windows NT 10.0; Win64; x64) AppleWebKit/537.36 (KHTML, like Gecko) Chrome/135.0.0.0 Safari/537.36 - Referer: http://localhost:3001/classes
[2025-05-11 05:38:51] 
========== REQUEST HEADERS ==========
[2025-05-11 05:38:51] URL: GET /classes/1
[2025-05-11 05:38:51] =======================================

[2025-05-11 05:38:51] Headers: {"host":"localhost:3001","connection":"keep-alive","sec-ch-ua":"\"Google Chrome\";v=\"135\", \"Not-A.Brand\";v=\"8\", \"Chromium\";v=\"135\"","sec-ch-ua-mobile":"?0","sec-ch-ua-platform":"\"Windows\"","upgrade-insecure-requests":"1","user-agent":"Mozilla/5.0 (Windows NT 10.0; Win64; x64) AppleWebKit/537.36 (KHTML, like Gecko) Chrome/135.0.0.0 Safari/537.36","accept":"text/html,application/xhtml+xml,application/xml;q=0.9,image/avif,image/webp,image/apng,*/*;q=0.8,application/signed-exchange;v=b3;q=0.7","sec-fetch-site":"same-origin","sec-fetch-mode":"navigate","sec-fetch-user":"?1","sec-fetch-dest":"document","referer":"http://localhost:3001/classes","accept-encoding":"gzip, deflate, br, zstd","accept-language":"vi,en-US;q=0.9,en;q=0.8,fr-FR;q=0.7,fr;q=0.6","cookie":"connect.sid=s%3A30yBle38_TR3MphEfZCcj0oHw2zA7XVN.RmYxAmO5KtaPxtWdz0MuICJcCKjuE0gZB5LgODE3npU"}
[2025-05-11 05:38:51] View: classes/detail
[2025-05-11 05:38:51] Query Parameters: {}
[2025-05-11 05:38:51] 
========== RENDER DEBUG ==========
[2025-05-11 05:38:51] Request Body: {}
[2025-05-11 05:38:51] Session: {"cookie":{"originalMaxAge":86400000,"expires":"2025-05-12T12:38:51.048Z","secure":false,"httpOnly":true,"path":"/"}}
[2025-05-11 05:38:51] ====================================

[2025-05-11 05:38:51] [RENDER] classes/detail - GET /1 - Guest
[2025-05-11 05:38:51] URL: GET /classes/1
[2025-05-11 05:38:51] 
========== RENDER DEBUG ==========
[2025-05-11 05:38:51] Render Options: {"title":"Chi tiết lớp học","classObj":{"id":1,"user_id":1,"parent_name":"Nguyễn Văn A","phone":"0912345678","district":"Quận 1","province":"TP. Hồ Chí Minh","specific_address":"Số 1, đường ABC","tutor_gender":"any","sessions_per_week":3,"fee_per_session":"150000.00","subject_id":1,"grade_id":5,"description":"Cần gia sư Toán cho con lớp 5.","status":"open","created_at":"2025-05-11T23:06:00.000Z","is_active":1,"learning_mode":"offline","subject_name":"Toán","grade_name":"Lớp 5"}}
[2025-05-11 05:38:51] Query Parameters: {}
[2025-05-11 05:38:51] View: layouts/main
[2025-05-11 05:38:51] URL: GET /classes/1
[2025-05-11 05:38:51] Render Options: {"body":"<div class=\"container mt-4\">\r\n  <div class=\"row\">\r\n    <div class=\"col-lg-8\">\r\n      <div class=\"card border-0 shadow-sm mb-4\" data-aos=\"fade-up\">\r\n        <div class=\"card-header bg-primary text-white\">\r\n          <h1 class=\"h3 mb-0\">\r\n            <i class=\"fas fa-chalkboard-teacher me-2\"></i>Chi tiết lớp học\r\n          </h1>\r\n        </div>\r\n        <div class=\"card-body\">\r\n          <div class=\"row\">\r\n            <div class=\"col-md-6\">\r\n              <ul class=\"list-group list-group-flush\">\r\n                <li class=\"list-group-item d-flex border-0 px-0\">\r\n                  <i class=\"fas fa-user text-primary mt-1 me-3\"></i>\r\n                  <div>\r\n                    <strong>Tên phụ huynh:</strong>\r\n                    <p class=\"mb-0\">Nguyễn Văn A</p>\r\n                  </div>\r\n                </li>\r\n                <li class=\"list-group-item d-flex border-0 px-0\">\r\n                  <i class=\"fas fa-phone-alt text-primary mt-1 me-3\"></i>\r\n                  <div>\r\n                    <strong>Số điện thoại:</strong>\r\n                    <p class=\"mb-0\">0912345678</p>\r\n                  </div>\r\n                </li>\r\n                <li class=\"list-group-item d-flex border-0 px-0\">\r\n                  <i class=\"fas fa-map-marker-alt text-primary mt-1 me-3\"></i>\r\n                  <div>\r\n                    <strong>Địa chỉ:</strong>\r\n                    <p class=\"mb-0\">\r\n                      Số 1, đường ABC, Quận 1, TP. Hồ Chí Minh\r\n                    </p>\r\n                  </div>\r\n                </li>\r\n                <li class=\"list-group-item d-flex border-0 px-0\">\r\n                  <i class=\"fas fa-venus-mars text-primary mt-1 me-3\"></i>\r\n                  <div>\r\n                    <strong>Giới tính gia sư yêu cầu:</strong>\r\n                    <p class=\"mb-0\">\r\n                      \r\n                      <span class=\"badge bg-secondary\">Bất kỳ</span>\r\n                      \r\n                    </p>\r\n                  </div>\r\n                </li>\r\n              </ul>\r\n            </div>\r\n            <div class=\"col-md-6\">\r\n              <ul class=\"list-group list-group-flush\">\r\n                <li class=\"list-group-item d-flex border-0 px-0\">\r\n                  <i class=\"fas fa-calendar-alt text-primary mt-1 me-3\"></i>\r\n                  <div>\r\n                    <strong>Số buổi/tuần:</strong>\r\n                    <p class=\"mb-0\">3 buổi</p>\r\n                  </div>\r\n                </li>\r\n                <li class=\"list-group-item d-flex border-0 px-0\">\r\n                  <i class=\"fas fa-money-bill-wave text-primary mt-1 me-3\"></i>\r\n                  <div>\r\n                    <strong>Phí mỗi buổi:</strong>\r\n                    <p class=\"mb-0\">\r\n                      150000.00\r\n                      VNĐ\r\n                    </p>\r\n                  </div>\r\n                </li>\r\n                <li class=\"list-group-item d-flex border-0 px-0\">\r\n                  <i class=\"fas fa-graduation-cap text-primary mt-1 me-3\"></i>\r\n                  <div>\r\n                    <strong>Cấp học:</strong>\r\n                    <p class=\"mb-0\"></p>\r\n                  </div>\r\n                </li>\r\n                <li class=\"list-group-item d-flex border-0 px-0\">\r\n                  <i class=\"fas fa-book text-primary mt-1 me-3\"></i>\r\n                  <div>\r\n                    <strong>Môn học:</strong>\r\n                    <p class=\"mb-0\"></p>\r\n                  </div>\r\n                </li>\r\n              </ul>\r\n            </div>\r\n          </div>\r\n\r\n          <div class=\"mt-4\">\r\n            <h5 class=\"border-bottom pb-2 mb-3\">\r\n              <i class=\"fas fa-info-circle me-2 text-primary\"></i>Thông tin thêm\r\n            </h5>\r\n            <div class=\"row\">\r\n              <div class=\"col-md-6\">\r\n                <div class=\"d-flex mb-3\">\r\n                  <i class=\"fas fa-laptop-house text-primary mt-1 me-3\"></i>\r\n                  <div>\r\n                    <strong>Hình thức học:</strong>\r\n                    <p class=\"mb-0\">\r\n                      \r\n                      <span class=\"badge bg-success\">Offline</span>\r\n                      \r\n                    </p>\r\n                  </div>\r\n                </div>\r\n              </div>\r\n              <div class=\"col-md-6\">\r\n                <div class=\"d-flex mb-3\">\r\n                  <i class=\"fas fa-check-circle text-primary mt-1 me-3\"></i>\r\n                  <div>\r\n                    <strong>Trạng thái:</strong>\r\n                    <p class=\"mb-0\">\r\n                      \r\n                      <span class=\"badge bg-success\">Còn trống</span>\r\n                      \r\n                    </p>\r\n                  </div>\r\n                </div>\r\n              </div>\r\n            </div>\r\n\r\n            <div class=\"mt-3\">\r\n              <div class=\"d-flex\">\r\n                <i class=\"fas fa-align-left text-primary mt-1 me-3\"></i>\r\n                <div>\r\n                  <strong>Mô tả:</strong>\r\n                  <p class=\"mb-0 mt-2\">Cần gia sư Toán cho con lớp 5.</p>\r\n                </div>\r\n              </div>\r\n            </div>\r\n          </div>\r\n        </div>\r\n      </div>\r\n\r\n      \r\n    </div>\r\n\r\n    <div class=\"col-lg-4\">\r\n      <div\r\n        class=\"card border-0 shadow-sm sticky-lg-top mb-4\"\r\n        style=\"top: 85px\"\r\n        data-aos=\"fade-left\"\r\n      >\r\n        <div class=\"card-header bg-white\">\r\n          <h5 class=\"mb-0 text-center\">Tùy chọn</h5>\r\n        </div>\r\n        <div class=\"card-body\">\r\n          <div class=\"d-grid gap-3 px-3\">\r\n            <!-- Nút quay lại -->\r\n            <a\r\n              href=\"javascript:history.back()\"\r\n              class=\"btn btn-outline-secondary w-100\"\r\n            >\r\n              <i class=\"fas fa-arrow-left me-2\"></i>Quay lại\r\n            </a>\r\n\r\n            <!-- Nút liên hệ (gọi điện thoại) -->\r\n            <a href=\"tel:0912345678\" class=\"btn btn-success w-100\">\r\n              <i class=\"fas fa-phone-alt me-2\"></i>Gọi điện\r\n            </a>\r\n\r\n            \r\n            <!-- Người dùng chưa đăng nhập -->\r\n            <a\r\n              href=\"/auth/login\"\r\n              class=\"btn btn-primary w-100\"\r\n              onclick=\"alert('Vui lòng đăng nhập để chat với phụ huynh')\"\r\n            >\r\n              <i class=\"fas fa-comments me-2\"></i>Chat với phụ huynh\r\n            </a>\r\n            \r\n          </div>\r\n\r\n          <div class=\"card mt-4 border-0 bg-light\">\r\n            <div class=\"card-body p-3\">\r\n              <h6>\r\n                <i class=\"fas fa-info-circle me-2 text-primary\"></i>Lưu ý:\r\n              </h6>\r\n              <ul class=\"small mb-0 ps-4\">\r\n                <li>Kiểm tra thông tin lớp học trước khi liên hệ</li>\r\n                <li>Đảm bảo bạn đã đăng nhập để chat với phụ huynh</li>\r\n                <li>\r\n                  Để biết thêm thông tin, vui lòng liên hệ trung tâm:\r\n                  <a href=\"tel:0358482955\">0358-484-2955</a>\r\n                </li>\r\n              </ul>\r\n            </div>\r\n          </div>\r\n        </div>\r\n      </div>\r\n    </div>\r\n  </div>\r\n</div>\r\n","title":"Chi tiết lớp học","classObj":{"id":1,"user_id":1,"parent_name":"Nguyễn Văn A","phone":"0912345678","district":"Quận 1","province":"TP. Hồ Chí Minh","specific_address":"Số 1, đường ABC","tutor_gender":"any","sessions_per_week":3,"fee_per_session":"150000.00","subject_id":1,"grade_id":5,"description":"Cần gia sư Toán cho con lớp 5.","status":"open","created_at":"2025-05-11T23:06:00.000Z","is_active":1,"learning_mode":"offline","subject_name":"Toán","grade_name":"Lớp 5"},"_locals":{}}
[2025-05-11 05:38:51] ====================================

[2025-05-11 05:38:51] Session: {"cookie":{"originalMaxAge":86400000,"expires":"2025-05-12T12:38:51.048Z","secure":false,"httpOnly":true,"path":"/"}}
[2025-05-11 05:38:51] [RENDER] layouts/main - GET /1 - Guest
[2025-05-11 05:38:51] Request Body: {}
[2025-05-11 05:38:51] [TIMING] GET /classes/1 - 66ms
[2025-05-11 05:38:51] [GET] /css/style.css - ::1 - Guest - Mozilla/5.0 (Windows NT 10.0; Win64; x64) AppleWebKit/537.36 (KHTML, like Gecko) Chrome/135.0.0.0 Safari/537.36 - Referer: http://localhost:3001/classes/1
[2025-05-11 05:38:51] Headers: {"host":"localhost:3001","connection":"keep-alive","sec-ch-ua-platform":"\"Windows\"","user-agent":"Mozilla/5.0 (Windows NT 10.0; Win64; x64) AppleWebKit/537.36 (KHTML, like Gecko) Chrome/135.0.0.0 Safari/537.36","sec-ch-ua":"\"Google Chrome\";v=\"135\", \"Not-A.Brand\";v=\"8\", \"Chromium\";v=\"135\"","sec-ch-ua-mobile":"?0","accept":"text/css,*/*;q=0.1","sec-fetch-site":"same-origin","sec-fetch-mode":"no-cors","sec-fetch-dest":"style","referer":"http://localhost:3001/classes/1","accept-encoding":"gzip, deflate, br, zstd","accept-language":"vi,en-US;q=0.9,en;q=0.8,fr-FR;q=0.7,fr;q=0.6","cookie":"connect.sid=s%3A30yBle38_TR3MphEfZCcj0oHw2zA7XVN.RmYxAmO5KtaPxtWdz0MuICJcCKjuE0gZB5LgODE3npU","if-none-match":"W/\"4980-1965311ddd0\"","if-modified-since":"Sun, 20 Apr 2025 12:00:02 GMT"}
[2025-05-11 05:38:51] 
========== REQUEST HEADERS ==========
[2025-05-11 05:38:51] URL: GET /css/style.css
[2025-05-11 05:38:51] =======================================

[2025-05-11 05:38:51] [TIMING] GET /css/style.css - 3ms
[2025-05-11 05:38:51] [GET] /img/logo.jpg - ::1 - Guest - Mozilla/5.0 (Windows NT 10.0; Win64; x64) AppleWebKit/537.36 (KHTML, like Gecko) Chrome/135.0.0.0 Safari/537.36 - Referer: http://localhost:3001/classes/1
[2025-05-11 05:38:51] 
========== REQUEST HEADERS ==========
[2025-05-11 05:38:51] =======================================

[2025-05-11 05:38:51] URL: GET /img/logo.jpg
[2025-05-11 05:38:51] Headers: {"host":"localhost:3001","connection":"keep-alive","sec-ch-ua-platform":"\"Windows\"","user-agent":"Mozilla/5.0 (Windows NT 10.0; Win64; x64) AppleWebKit/537.36 (KHTML, like Gecko) Chrome/135.0.0.0 Safari/537.36","sec-ch-ua":"\"Google Chrome\";v=\"135\", \"Not-A.Brand\";v=\"8\", \"Chromium\";v=\"135\"","sec-ch-ua-mobile":"?0","accept":"image/avif,image/webp,image/apng,image/svg+xml,image/*,*/*;q=0.8","sec-fetch-site":"same-origin","sec-fetch-mode":"no-cors","sec-fetch-dest":"image","referer":"http://localhost:3001/classes/1","accept-encoding":"gzip, deflate, br, zstd","accept-language":"vi,en-US;q=0.9,en;q=0.8,fr-FR;q=0.7,fr;q=0.6","cookie":"connect.sid=s%3A30yBle38_TR3MphEfZCcj0oHw2zA7XVN.RmYxAmO5KtaPxtWdz0MuICJcCKjuE0gZB5LgODE3npU","if-none-match":"W/\"32c27-196199d2820\"","if-modified-since":"Wed, 09 Apr 2025 08:14:12 GMT"}
[2025-05-11 05:38:51] 
========== REQUEST HEADERS ==========
[2025-05-11 05:38:51] [GET] /js/locations.js - ::1 - Guest - Mozilla/5.0 (Windows NT 10.0; Win64; x64) AppleWebKit/537.36 (KHTML, like Gecko) Chrome/135.0.0.0 Safari/537.36 - Referer: http://localhost:3001/classes/1
[2025-05-11 05:38:51] URL: GET /js/locations.js
[2025-05-11 05:38:51] Headers: {"host":"localhost:3001","connection":"keep-alive","origin":"http://localhost:3001","sec-ch-ua-platform":"\"Windows\"","user-agent":"Mozilla/5.0 (Windows NT 10.0; Win64; x64) AppleWebKit/537.36 (KHTML, like Gecko) Chrome/135.0.0.0 Safari/537.36","sec-ch-ua":"\"Google Chrome\";v=\"135\", \"Not-A.Brand\";v=\"8\", \"Chromium\";v=\"135\"","sec-ch-ua-mobile":"?0","accept":"*/*","sec-fetch-site":"same-origin","sec-fetch-mode":"cors","sec-fetch-dest":"script","referer":"http://localhost:3001/classes/1","accept-encoding":"gzip, deflate, br, zstd","accept-language":"vi,en-US;q=0.9,en;q=0.8,fr-FR;q=0.7,fr;q=0.6","cookie":"connect.sid=s%3A30yBle38_TR3MphEfZCcj0oHw2zA7XVN.RmYxAmO5KtaPxtWdz0MuICJcCKjuE0gZB5LgODE3npU","if-none-match":"W/\"39e0-196199d2820\"","if-modified-since":"Wed, 09 Apr 2025 08:14:12 GMT"}
[2025-05-11 05:38:51] =======================================

[2025-05-11 05:38:51] [GET] /js/script.js - ::1 - Guest - Mozilla/5.0 (Windows NT 10.0; Win64; x64) AppleWebKit/537.36 (KHTML, like Gecko) Chrome/135.0.0.0 Safari/537.36 - Referer: http://localhost:3001/classes/1
[2025-05-11 05:38:51] 
========== REQUEST HEADERS ==========
[2025-05-11 05:38:51] URL: GET /js/script.js
[2025-05-11 05:38:51] Headers: {"host":"localhost:3001","connection":"keep-alive","origin":"http://localhost:3001","sec-ch-ua-platform":"\"Windows\"","user-agent":"Mozilla/5.0 (Windows NT 10.0; Win64; x64) AppleWebKit/537.36 (KHTML, like Gecko) Chrome/135.0.0.0 Safari/537.36","sec-ch-ua":"\"Google Chrome\";v=\"135\", \"Not-A.Brand\";v=\"8\", \"Chromium\";v=\"135\"","sec-ch-ua-mobile":"?0","accept":"*/*","sec-fetch-site":"same-origin","sec-fetch-mode":"cors","sec-fetch-dest":"script","referer":"http://localhost:3001/classes/1","accept-encoding":"gzip, deflate, br, zstd","accept-language":"vi,en-US;q=0.9,en;q=0.8,fr-FR;q=0.7,fr;q=0.6","cookie":"connect.sid=s%3A30yBle38_TR3MphEfZCcj0oHw2zA7XVN.RmYxAmO5KtaPxtWdz0MuICJcCKjuE0gZB5LgODE3npU","if-none-match":"W/\"1225-196199d2820\"","if-modified-since":"Wed, 09 Apr 2025 08:14:12 GMT"}
[2025-05-11 05:38:51] =======================================

[2025-05-11 05:38:51] [TIMING] GET /img/logo.jpg - 6ms
[2025-05-11 05:38:51] [TIMING] GET /js/locations.js - 4ms
[2025-05-11 05:38:51] [TIMING] GET /js/script.js - 4ms
[2025-05-11 05:38:51] [GET] /img/insta.png - ::1 - Guest - Mozilla/5.0 (Windows NT 10.0; Win64; x64) AppleWebKit/537.36 (KHTML, like Gecko) Chrome/135.0.0.0 Safari/537.36 - Referer: http://localhost:3001/classes/1
[2025-05-11 05:38:51] 
========== REQUEST HEADERS ==========
[2025-05-11 05:38:51] Headers: {"host":"localhost:3001","connection":"keep-alive","sec-ch-ua-platform":"\"Windows\"","user-agent":"Mozilla/5.0 (Windows NT 10.0; Win64; x64) AppleWebKit/537.36 (KHTML, like Gecko) Chrome/135.0.0.0 Safari/537.36","sec-ch-ua":"\"Google Chrome\";v=\"135\", \"Not-A.Brand\";v=\"8\", \"Chromium\";v=\"135\"","sec-ch-ua-mobile":"?0","accept":"image/avif,image/webp,image/apng,image/svg+xml,image/*,*/*;q=0.8","sec-fetch-site":"same-origin","sec-fetch-mode":"no-cors","sec-fetch-dest":"image","referer":"http://localhost:3001/classes/1","accept-encoding":"gzip, deflate, br, zstd","accept-language":"vi,en-US;q=0.9,en;q=0.8,fr-FR;q=0.7,fr;q=0.6","cookie":"connect.sid=s%3A30yBle38_TR3MphEfZCcj0oHw2zA7XVN.RmYxAmO5KtaPxtWdz0MuICJcCKjuE0gZB5LgODE3npU","if-none-match":"W/\"2bf7-196199d2050\"","if-modified-since":"Wed, 09 Apr 2025 08:14:10 GMT"}
[2025-05-11 05:38:51] URL: GET /img/insta.png
[2025-05-11 05:38:51] =======================================

[2025-05-11 05:38:51] [GET] /img/face.png - ::1 - Guest - Mozilla/5.0 (Windows NT 10.0; Win64; x64) AppleWebKit/537.36 (KHTML, like Gecko) Chrome/135.0.0.0 Safari/537.36 - Referer: http://localhost:3001/classes/1
[2025-05-11 05:38:51] Headers: {"host":"localhost:3001","connection":"keep-alive","sec-ch-ua-platform":"\"Windows\"","user-agent":"Mozilla/5.0 (Windows NT 10.0; Win64; x64) AppleWebKit/537.36 (KHTML, like Gecko) Chrome/135.0.0.0 Safari/537.36","sec-ch-ua":"\"Google Chrome\";v=\"135\", \"Not-A.Brand\";v=\"8\", \"Chromium\";v=\"135\"","sec-ch-ua-mobile":"?0","accept":"image/avif,image/webp,image/apng,image/svg+xml,image/*,*/*;q=0.8","sec-fetch-site":"same-origin","sec-fetch-mode":"no-cors","sec-fetch-dest":"image","referer":"http://localhost:3001/classes/1","accept-encoding":"gzip, deflate, br, zstd","accept-language":"vi,en-US;q=0.9,en;q=0.8,fr-FR;q=0.7,fr;q=0.6","cookie":"connect.sid=s%3A30yBle38_TR3MphEfZCcj0oHw2zA7XVN.RmYxAmO5KtaPxtWdz0MuICJcCKjuE0gZB5LgODE3npU","if-none-match":"W/\"e4d-196199d2050\"","if-modified-since":"Wed, 09 Apr 2025 08:14:10 GMT"}
[2025-05-11 05:38:51] 
========== REQUEST HEADERS ==========
[2025-05-11 05:38:51] =======================================

[2025-05-11 05:38:51] URL: GET /img/face.png
[2025-05-11 05:38:51] [GET] /img/zalo.png - ::1 - Guest - Mozilla/5.0 (Windows NT 10.0; Win64; x64) AppleWebKit/537.36 (KHTML, like Gecko) Chrome/135.0.0.0 Safari/537.36 - Referer: http://localhost:3001/classes/1
[2025-05-11 05:38:51] 
========== REQUEST HEADERS ==========
[2025-05-11 05:38:51] URL: GET /img/zalo.png
[2025-05-11 05:38:51] Headers: {"host":"localhost:3001","connection":"keep-alive","sec-ch-ua-platform":"\"Windows\"","user-agent":"Mozilla/5.0 (Windows NT 10.0; Win64; x64) AppleWebKit/537.36 (KHTML, like Gecko) Chrome/135.0.0.0 Safari/537.36","sec-ch-ua":"\"Google Chrome\";v=\"135\", \"Not-A.Brand\";v=\"8\", \"Chromium\";v=\"135\"","sec-ch-ua-mobile":"?0","accept":"image/avif,image/webp,image/apng,image/svg+xml,image/*,*/*;q=0.8","sec-fetch-site":"same-origin","sec-fetch-mode":"no-cors","sec-fetch-dest":"image","referer":"http://localhost:3001/classes/1","accept-encoding":"gzip, deflate, br, zstd","accept-language":"vi,en-US;q=0.9,en;q=0.8,fr-FR;q=0.7,fr;q=0.6","cookie":"connect.sid=s%3A30yBle38_TR3MphEfZCcj0oHw2zA7XVN.RmYxAmO5KtaPxtWdz0MuICJcCKjuE0gZB5LgODE3npU","if-none-match":"W/\"e74-196199d2820\"","if-modified-since":"Wed, 09 Apr 2025 08:14:12 GMT"}
[2025-05-11 05:38:51] [TIMING] GET /img/insta.png - 4ms
[2025-05-11 05:38:51] =======================================

[2025-05-11 05:38:51] [TIMING] GET /img/face.png - 4ms
[2025-05-11 05:38:51] [TIMING] GET /img/zalo.png - 2ms
[2025-05-11 05:39:12] [GET] /auth/login - ::1 - Guest - Mozilla/5.0 (Windows NT 10.0; Win64; x64) AppleWebKit/537.36 (KHTML, like Gecko) Chrome/135.0.0.0 Safari/537.36 - Referer: http://localhost:3001/classes/1
[2025-05-11 05:39:12] 
========== REQUEST HEADERS ==========
[2025-05-11 05:39:12] URL: GET /auth/login
[2025-05-11 05:39:12] Headers: {"host":"localhost:3001","connection":"keep-alive","sec-ch-ua":"\"Google Chrome\";v=\"135\", \"Not-A.Brand\";v=\"8\", \"Chromium\";v=\"135\"","sec-ch-ua-mobile":"?0","sec-ch-ua-platform":"\"Windows\"","upgrade-insecure-requests":"1","user-agent":"Mozilla/5.0 (Windows NT 10.0; Win64; x64) AppleWebKit/537.36 (KHTML, like Gecko) Chrome/135.0.0.0 Safari/537.36","accept":"text/html,application/xhtml+xml,application/xml;q=0.9,image/avif,image/webp,image/apng,*/*;q=0.8,application/signed-exchange;v=b3;q=0.7","sec-fetch-site":"same-origin","sec-fetch-mode":"navigate","sec-fetch-user":"?1","sec-fetch-dest":"document","referer":"http://localhost:3001/classes/1","accept-encoding":"gzip, deflate, br, zstd","accept-language":"vi,en-US;q=0.9,en;q=0.8,fr-FR;q=0.7,fr;q=0.6","cookie":"connect.sid=s%3A30yBle38_TR3MphEfZCcj0oHw2zA7XVN.RmYxAmO5KtaPxtWdz0MuICJcCKjuE0gZB5LgODE3npU"}
[2025-05-11 05:39:12] 
========== RENDER DEBUG ==========
[2025-05-11 05:39:12] =======================================

[2025-05-11 05:39:12] URL: GET /auth/login
[2025-05-11 05:39:12] View: auth/login
[2025-05-11 05:39:12] Request Body: {}
[2025-05-11 05:39:12] Render Options: {"title":"Đăng nhập"}
[2025-05-11 05:39:12] Session: {"cookie":{"originalMaxAge":86400000,"expires":"2025-05-12T12:39:12.142Z","secure":false,"httpOnly":true,"path":"/"}}
[2025-05-11 05:39:12] ====================================

[2025-05-11 05:39:12] Query Parameters: {}
[2025-05-11 05:39:12] 
========== RENDER DEBUG ==========
[2025-05-11 05:39:12] [RENDER] auth/login - GET /login - Guest
[2025-05-11 05:39:12] URL: GET /auth/login
[2025-05-11 05:39:12] View: layouts/main
[2025-05-11 05:39:12] Session: {"cookie":{"originalMaxAge":86400000,"expires":"2025-05-12T12:39:12.142Z","secure":false,"httpOnly":true,"path":"/"}}
[2025-05-11 05:39:12] Request Body: {}
[2025-05-11 05:39:12] Query Parameters: {}
[2025-05-11 05:39:12] Render Options: {"body":"<div class=\"row justify-content-center\">\n  <div class=\"col-md-6\">\n    <h1>Đăng nhập</h1>\n    \n    <form action=\"/auth/login\" method=\"POST\">\n      <div class=\"mb-3\">\n        <label for=\"username\" class=\"form-label\">Tên đăng nhập</label>\n        <input\n          type=\"text\"\n          class=\"form-control\"\n          id=\"username\"\n          name=\"username\"\n          placeholder=\"Tên đăng nhập\"\n          required\n        />\n      </div>\n      <div class=\"mb-3\">\n        <label for=\"password\" class=\"form-label\">Mật khẩu</label>\n        <input\n          type=\"password\"\n          class=\"form-control\"\n          id=\"password\"\n          name=\"password\"\n          placeholder=\"Mật khẩu\"\n          required\n        />\n        <div class=\"text-end mt-1\">\n          <a\n            href=\"/auth/forgot-password\"\n            class=\"text-decoration-none text-muted small\"\n            >Quên mật khẩu?</a\n          >\n        </div>\n      </div>\n      <button type=\"submit\" class=\"btn btn-primary w-100\">Đăng nhập</button>\n    </form>\n    <a href=\"/auth/register\" class=\"btn btn-success w-100 mt-2\">Đăng ký</a>\n  </div>\n</div>\n","title":"Đăng nhập","_locals":{}}
[2025-05-11 05:39:12] [TIMING] GET /auth/login - 12ms
[2025-05-11 05:39:12] ====================================

[2025-05-11 05:39:12] [RENDER] layouts/main - GET /login - Guest
[2025-05-11 05:39:12] [GET] /css/style.css - ::1 - Guest - Mozilla/5.0 (Windows NT 10.0; Win64; x64) AppleWebKit/537.36 (KHTML, like Gecko) Chrome/135.0.0.0 Safari/537.36 - Referer: http://localhost:3001/auth/login
[2025-05-11 05:39:12] 
========== REQUEST HEADERS ==========
[2025-05-11 05:39:12] URL: GET /css/style.css
[2025-05-11 05:39:12] Headers: {"host":"localhost:3001","connection":"keep-alive","sec-ch-ua-platform":"\"Windows\"","if-none-match":"W/\"4980-1965311ddd0\"","user-agent":"Mozilla/5.0 (Windows NT 10.0; Win64; x64) AppleWebKit/537.36 (KHTML, like Gecko) Chrome/135.0.0.0 Safari/537.36","sec-ch-ua":"\"Google Chrome\";v=\"135\", \"Not-A.Brand\";v=\"8\", \"Chromium\";v=\"135\"","if-modified-since":"Sun, 20 Apr 2025 12:00:02 GMT","sec-ch-ua-mobile":"?0","accept":"text/css,*/*;q=0.1","sec-fetch-site":"same-origin","sec-fetch-mode":"no-cors","sec-fetch-dest":"style","referer":"http://localhost:3001/auth/login","accept-encoding":"gzip, deflate, br, zstd","accept-language":"vi,en-US;q=0.9,en;q=0.8,fr-FR;q=0.7,fr;q=0.6","cookie":"connect.sid=s%3A30yBle38_TR3MphEfZCcj0oHw2zA7XVN.RmYxAmO5KtaPxtWdz0MuICJcCKjuE0gZB5LgODE3npU"}
[2025-05-11 05:39:12] =======================================

[2025-05-11 05:39:12] [GET] /img/logo.jpg - ::1 - Guest - Mozilla/5.0 (Windows NT 10.0; Win64; x64) AppleWebKit/537.36 (KHTML, like Gecko) Chrome/135.0.0.0 Safari/537.36 - Referer: http://localhost:3001/auth/login
[2025-05-11 05:39:12] 
========== REQUEST HEADERS ==========
[2025-05-11 05:39:12] Headers: {"host":"localhost:3001","connection":"keep-alive","sec-ch-ua-platform":"\"Windows\"","if-none-match":"W/\"32c27-196199d2820\"","user-agent":"Mozilla/5.0 (Windows NT 10.0; Win64; x64) AppleWebKit/537.36 (KHTML, like Gecko) Chrome/135.0.0.0 Safari/537.36","sec-ch-ua":"\"Google Chrome\";v=\"135\", \"Not-A.Brand\";v=\"8\", \"Chromium\";v=\"135\"","if-modified-since":"Wed, 09 Apr 2025 08:14:12 GMT","sec-ch-ua-mobile":"?0","accept":"image/avif,image/webp,image/apng,image/svg+xml,image/*,*/*;q=0.8","sec-fetch-site":"same-origin","sec-fetch-mode":"no-cors","sec-fetch-dest":"image","referer":"http://localhost:3001/auth/login","accept-encoding":"gzip, deflate, br, zstd","accept-language":"vi,en-US;q=0.9,en;q=0.8,fr-FR;q=0.7,fr;q=0.6","cookie":"connect.sid=s%3A30yBle38_TR3MphEfZCcj0oHw2zA7XVN.RmYxAmO5KtaPxtWdz0MuICJcCKjuE0gZB5LgODE3npU"}
[2025-05-11 05:39:12] URL: GET /img/logo.jpg
[2025-05-11 05:39:12] =======================================

[2025-05-11 05:39:12] [TIMING] GET /css/style.css - 3ms
[2025-05-11 05:39:12] [TIMING] GET /img/logo.jpg - 3ms
[2025-05-11 05:39:12] [GET] /js/script.js - ::1 - Guest - Mozilla/5.0 (Windows NT 10.0; Win64; x64) AppleWebKit/537.36 (KHTML, like Gecko) Chrome/135.0.0.0 Safari/537.36 - Referer: http://localhost:3001/auth/login
[2025-05-11 05:39:12] 
========== REQUEST HEADERS ==========
[2025-05-11 05:39:12] URL: GET /js/script.js
[2025-05-11 05:39:12] Headers: {"host":"localhost:3001","connection":"keep-alive","origin":"http://localhost:3001","sec-ch-ua-platform":"\"Windows\"","if-none-match":"W/\"1225-196199d2820\"","user-agent":"Mozilla/5.0 (Windows NT 10.0; Win64; x64) AppleWebKit/537.36 (KHTML, like Gecko) Chrome/135.0.0.0 Safari/537.36","sec-ch-ua":"\"Google Chrome\";v=\"135\", \"Not-A.Brand\";v=\"8\", \"Chromium\";v=\"135\"","if-modified-since":"Wed, 09 Apr 2025 08:14:12 GMT","sec-ch-ua-mobile":"?0","accept":"*/*","sec-fetch-site":"same-origin","sec-fetch-mode":"cors","sec-fetch-dest":"script","referer":"http://localhost:3001/auth/login","accept-encoding":"gzip, deflate, br, zstd","accept-language":"vi,en-US;q=0.9,en;q=0.8,fr-FR;q=0.7,fr;q=0.6","cookie":"connect.sid=s%3A30yBle38_TR3MphEfZCcj0oHw2zA7XVN.RmYxAmO5KtaPxtWdz0MuICJcCKjuE0gZB5LgODE3npU"}
[2025-05-11 05:39:12] =======================================

[2025-05-11 05:39:12] [GET] /js/locations.js - ::1 - Guest - Mozilla/5.0 (Windows NT 10.0; Win64; x64) AppleWebKit/537.36 (KHTML, like Gecko) Chrome/135.0.0.0 Safari/537.36 - Referer: http://localhost:3001/auth/login
[2025-05-11 05:39:12] 
========== REQUEST HEADERS ==========
[2025-05-11 05:39:12] Headers: {"host":"localhost:3001","connection":"keep-alive","origin":"http://localhost:3001","sec-ch-ua-platform":"\"Windows\"","if-none-match":"W/\"39e0-196199d2820\"","user-agent":"Mozilla/5.0 (Windows NT 10.0; Win64; x64) AppleWebKit/537.36 (KHTML, like Gecko) Chrome/135.0.0.0 Safari/537.36","sec-ch-ua":"\"Google Chrome\";v=\"135\", \"Not-A.Brand\";v=\"8\", \"Chromium\";v=\"135\"","if-modified-since":"Wed, 09 Apr 2025 08:14:12 GMT","sec-ch-ua-mobile":"?0","accept":"*/*","sec-fetch-site":"same-origin","sec-fetch-mode":"cors","sec-fetch-dest":"script","referer":"http://localhost:3001/auth/login","accept-encoding":"gzip, deflate, br, zstd","accept-language":"vi,en-US;q=0.9,en;q=0.8,fr-FR;q=0.7,fr;q=0.6","cookie":"connect.sid=s%3A30yBle38_TR3MphEfZCcj0oHw2zA7XVN.RmYxAmO5KtaPxtWdz0MuICJcCKjuE0gZB5LgODE3npU"}
[2025-05-11 05:39:12] URL: GET /js/locations.js
[2025-05-11 05:39:12] =======================================

[2025-05-11 05:39:12] [TIMING] GET /js/script.js - 6ms
[2025-05-11 05:39:12] [TIMING] GET /js/locations.js - 4ms
[2025-05-11 05:39:12] [GET] /img/face.png - ::1 - Guest - Mozilla/5.0 (Windows NT 10.0; Win64; x64) AppleWebKit/537.36 (KHTML, like Gecko) Chrome/135.0.0.0 Safari/537.36 - Referer: http://localhost:3001/auth/login
[2025-05-11 05:39:12] 
========== REQUEST HEADERS ==========
[2025-05-11 05:39:12] URL: GET /img/face.png
[2025-05-11 05:39:12] =======================================

[2025-05-11 05:39:12] Headers: {"host":"localhost:3001","connection":"keep-alive","sec-ch-ua-platform":"\"Windows\"","if-none-match":"W/\"e4d-196199d2050\"","user-agent":"Mozilla/5.0 (Windows NT 10.0; Win64; x64) AppleWebKit/537.36 (KHTML, like Gecko) Chrome/135.0.0.0 Safari/537.36","sec-ch-ua":"\"Google Chrome\";v=\"135\", \"Not-A.Brand\";v=\"8\", \"Chromium\";v=\"135\"","if-modified-since":"Wed, 09 Apr 2025 08:14:10 GMT","sec-ch-ua-mobile":"?0","accept":"image/avif,image/webp,image/apng,image/svg+xml,image/*,*/*;q=0.8","sec-fetch-site":"same-origin","sec-fetch-mode":"no-cors","sec-fetch-dest":"image","referer":"http://localhost:3001/auth/login","accept-encoding":"gzip, deflate, br, zstd","accept-language":"vi,en-US;q=0.9,en;q=0.8,fr-FR;q=0.7,fr;q=0.6","cookie":"connect.sid=s%3A30yBle38_TR3MphEfZCcj0oHw2zA7XVN.RmYxAmO5KtaPxtWdz0MuICJcCKjuE0gZB5LgODE3npU"}
[2025-05-11 05:39:12] [GET] /img/insta.png - ::1 - Guest - Mozilla/5.0 (Windows NT 10.0; Win64; x64) AppleWebKit/537.36 (KHTML, like Gecko) Chrome/135.0.0.0 Safari/537.36 - Referer: http://localhost:3001/auth/login
[2025-05-11 05:39:12] 
========== REQUEST HEADERS ==========
[2025-05-11 05:39:12] URL: GET /img/insta.png
[2025-05-11 05:39:12] =======================================

[2025-05-11 05:39:12] Headers: {"host":"localhost:3001","connection":"keep-alive","sec-ch-ua-platform":"\"Windows\"","if-none-match":"W/\"2bf7-196199d2050\"","user-agent":"Mozilla/5.0 (Windows NT 10.0; Win64; x64) AppleWebKit/537.36 (KHTML, like Gecko) Chrome/135.0.0.0 Safari/537.36","sec-ch-ua":"\"Google Chrome\";v=\"135\", \"Not-A.Brand\";v=\"8\", \"Chromium\";v=\"135\"","if-modified-since":"Wed, 09 Apr 2025 08:14:10 GMT","sec-ch-ua-mobile":"?0","accept":"image/avif,image/webp,image/apng,image/svg+xml,image/*,*/*;q=0.8","sec-fetch-site":"same-origin","sec-fetch-mode":"no-cors","sec-fetch-dest":"image","referer":"http://localhost:3001/auth/login","accept-encoding":"gzip, deflate, br, zstd","accept-language":"vi,en-US;q=0.9,en;q=0.8,fr-FR;q=0.7,fr;q=0.6","cookie":"connect.sid=s%3A30yBle38_TR3MphEfZCcj0oHw2zA7XVN.RmYxAmO5KtaPxtWdz0MuICJcCKjuE0gZB5LgODE3npU"}
[2025-05-11 05:39:12] [GET] /img/zalo.png - ::1 - Guest - Mozilla/5.0 (Windows NT 10.0; Win64; x64) AppleWebKit/537.36 (KHTML, like Gecko) Chrome/135.0.0.0 Safari/537.36 - Referer: http://localhost:3001/auth/login
[2025-05-11 05:39:12] 
========== REQUEST HEADERS ==========
[2025-05-11 05:39:12] URL: GET /img/zalo.png
[2025-05-11 05:39:12] Headers: {"host":"localhost:3001","connection":"keep-alive","sec-ch-ua-platform":"\"Windows\"","if-none-match":"W/\"e74-196199d2820\"","user-agent":"Mozilla/5.0 (Windows NT 10.0; Win64; x64) AppleWebKit/537.36 (KHTML, like Gecko) Chrome/135.0.0.0 Safari/537.36","sec-ch-ua":"\"Google Chrome\";v=\"135\", \"Not-A.Brand\";v=\"8\", \"Chromium\";v=\"135\"","if-modified-since":"Wed, 09 Apr 2025 08:14:12 GMT","sec-ch-ua-mobile":"?0","accept":"image/avif,image/webp,image/apng,image/svg+xml,image/*,*/*;q=0.8","sec-fetch-site":"same-origin","sec-fetch-mode":"no-cors","sec-fetch-dest":"image","referer":"http://localhost:3001/auth/login","accept-encoding":"gzip, deflate, br, zstd","accept-language":"vi,en-US;q=0.9,en;q=0.8,fr-FR;q=0.7,fr;q=0.6","cookie":"connect.sid=s%3A30yBle38_TR3MphEfZCcj0oHw2zA7XVN.RmYxAmO5KtaPxtWdz0MuICJcCKjuE0gZB5LgODE3npU"}
[2025-05-11 05:39:12] =======================================

[2025-05-11 05:39:12] [TIMING] GET /img/face.png - 6ms
[2025-05-11 05:39:12] [TIMING] GET /img/insta.png - 5ms
[2025-05-11 05:39:12] [TIMING] GET /img/zalo.png - 4ms
[2025-05-11 05:41:12] ==== SERVER STARTED ====
[2025-05-11 05:41:12] Views path: C:\Users\WIND-OF-FALL\Documents\Web\Web\views
[2025-05-11 05:41:12] Layout set to: C:\Users\WIND-OF-FALL\Documents\Web\Web\views\layouts\main.ejs
[2025-05-11 05:41:12] Server running on port 3001
[2025-05-11 05:41:25] ==== SERVER STARTED ====
[2025-05-11 05:41:25] Views path: C:\Users\WIND-OF-FALL\Documents\Web\Web\views
[2025-05-11 05:41:25] Layout set to: C:\Users\WIND-OF-FALL\Documents\Web\Web\views\layouts\main.ejs
[2025-05-11 05:41:25] Server running on port 3001
[2025-05-11 05:41:49] ==== SERVER STARTED ====
[2025-05-11 05:41:49] Views path: C:\Users\WIND-OF-FALL\Documents\Web\Web\views
[2025-05-11 05:41:49] Layout set to: C:\Users\WIND-OF-FALL\Documents\Web\Web\views\layouts\main.ejs
[2025-05-11 05:41:49] Server running on port 3001
[2025-05-11 05:41:57] [REQUEST] GET /auth/login
[2025-05-11 05:41:57] [HEADERS] GET /auth/login
[2025-05-11 05:41:57] [RENDER] auth/login - GET /login
[2025-05-11 05:41:57] [DEBUG] Rendering layouts/main for GET /auth/login
[2025-05-11 05:41:57] [DEBUG] Rendering auth/login for GET /auth/login
[2025-05-11 05:41:57] [TIME] GET /auth/login - 17ms
[2025-05-11 05:41:57] [RENDER] layouts/main - GET /login
[2025-05-11 05:41:57] [REQUEST] GET /css/style.css
[2025-05-11 05:41:57] [HEADERS] GET /css/style.css
[2025-05-11 05:41:57] [REQUEST] GET /img/logo.jpg
[2025-05-11 05:41:57] [HEADERS] GET /img/logo.jpg
[2025-05-11 05:41:57] [TIME] GET /css/style.css - 2ms
[2025-05-11 05:41:57] [HEADERS] GET /js/script.js
[2025-05-11 05:41:57] [TIME] GET /img/logo.jpg - 2ms
[2025-05-11 05:41:57] [REQUEST] GET /js/script.js
[2025-05-11 05:41:57] [REQUEST] GET /js/locations.js
[2025-05-11 05:41:57] [HEADERS] GET /js/locations.js
[2025-05-11 05:41:57] [TIME] GET /js/script.js - 2ms
[2025-05-11 05:41:57] [TIME] GET /js/locations.js - 2ms
[2025-05-11 05:41:57] [HEADERS] GET /img/insta.png
[2025-05-11 05:41:57] [REQUEST] GET /img/insta.png
[2025-05-11 05:41:57] [REQUEST] GET /img/zalo.png
[2025-05-11 05:41:57] [HEADERS] GET /img/zalo.png
[2025-05-11 05:41:57] [REQUEST] GET /img/face.png
[2025-05-11 05:41:57] [HEADERS] GET /img/face.png
[2025-05-11 05:41:57] [TIME] GET /img/insta.png - 2ms
[2025-05-11 05:41:57] [TIME] GET /img/face.png - 2ms
[2025-05-11 05:41:57] [TIME] GET /img/zalo.png - 3ms
[2025-05-11 05:42:16] ==== SERVER STARTED ====
[2025-05-11 05:42:16] Views path: C:\Users\WIND-OF-FALL\Documents\Web\Web\views
[2025-05-11 05:42:16] Layout set to: C:\Users\WIND-OF-FALL\Documents\Web\Web\views\layouts\main.ejs
[2025-05-11 05:42:16] Server running on port 3001
[2025-05-11 05:42:18] [REQUEST] GET /auth/login
[2025-05-11 05:42:18] [HEADERS] GET /auth/login
[2025-05-11 05:42:18] [DEBUG] Rendering auth/login for GET /auth/login
[2025-05-11 05:42:18] [RENDER] auth/login - GET /login
[2025-05-11 05:42:18] [DEBUG] Rendering layouts/main for GET /auth/login
[2025-05-11 05:42:18] [TIME] GET /auth/login - 14ms
[2025-05-11 05:42:18] [RENDER] layouts/main - GET /login
[2025-05-11 05:42:18] [REQUEST] GET /css/style.css
[2025-05-11 05:42:18] [HEADERS] GET /css/style.css
[2025-05-11 05:42:18] [REQUEST] GET /img/logo.jpg
[2025-05-11 05:42:18] [HEADERS] GET /img/logo.jpg
[2025-05-11 05:42:18] [TIME] GET /css/style.css - 2ms
[2025-05-11 05:42:18] [TIME] GET /img/logo.jpg - 1ms
[2025-05-11 05:42:18] [REQUEST] GET /js/script.js
[2025-05-11 05:42:18] [HEADERS] GET /js/script.js
[2025-05-11 05:42:18] [REQUEST] GET /js/locations.js
[2025-05-11 05:42:18] [HEADERS] GET /js/locations.js
[2025-05-11 05:42:18] [TIME] GET /js/script.js - 1ms
[2025-05-11 05:42:18] [TIME] GET /js/locations.js - 2ms
[2025-05-11 05:42:18] [REQUEST] GET /img/face.png
[2025-05-11 05:42:18] [HEADERS] GET /img/face.png
[2025-05-11 05:42:18] [REQUEST] GET /img/insta.png
[2025-05-11 05:42:18] [HEADERS] GET /img/insta.png
[2025-05-11 05:42:18] [REQUEST] GET /img/zalo.png
[2025-05-11 05:42:18] [HEADERS] GET /img/zalo.png
[2025-05-11 05:42:18] [TIME] GET /img/face.png - 3ms
[2025-05-11 05:42:18] [TIME] GET /img/insta.png - 2ms
[2025-05-11 05:42:18] [TIME] GET /img/zalo.png - 2ms
[2025-05-11 05:42:18] [REQUEST] GET /img/logo.jpg
[2025-05-11 05:42:18] [HEADERS] GET /img/logo.jpg
[2025-05-11 05:42:18] [TIME] GET /img/logo.jpg - 1ms
[2025-05-11 05:42:56] [REQUEST] POST /auth/login
[2025-05-11 05:42:56] [HEADERS] POST /auth/login
[2025-05-11 05:42:56] [TIME] POST /auth/login - 132ms
[2025-05-11 05:42:56] [REQUEST] GET /admin
[2025-05-11 05:42:56] [HEADERS] GET /admin
[2025-05-11 05:42:56] [DEBUG] Rendering admin/dashboard for GET /admin
[2025-05-11 05:42:56] [RENDER] admin/dashboard - GET /
[2025-05-11 05:42:56] [DEBUG] Rendering layouts/main for GET /admin
[2025-05-11 05:42:56] [RENDER] layouts/main - GET /
[2025-05-11 05:42:56] [TIME] GET /admin - 14ms
[2025-05-11 05:42:56] [REQUEST] GET /css/style.css
[2025-05-11 05:42:56] [HEADERS] GET /css/style.css
[2025-05-11 05:42:56] [REQUEST] GET /img/logo.jpg
[2025-05-11 05:42:56] [HEADERS] GET /img/logo.jpg
[2025-05-11 05:42:56] [TIME] GET /css/style.css - 3ms
[2025-05-11 05:42:56] [TIME] GET /img/logo.jpg - 2ms
[2025-05-11 05:42:56] [REQUEST] GET /js/locations.js
[2025-05-11 05:42:56] [HEADERS] GET /js/locations.js
[2025-05-11 05:42:56] [REQUEST] GET /js/script.js
[2025-05-11 05:42:56] [HEADERS] GET /js/script.js
[2025-05-11 05:42:56] [TIME] GET /js/locations.js - 2ms
[2025-05-11 05:42:56] [TIME] GET /js/script.js - 2ms
[2025-05-11 05:42:56] [REQUEST] GET /js/admin-dashboard.js
[2025-05-11 05:42:56] [HEADERS] GET /js/admin-dashboard.js
[2025-05-11 05:42:56] [REQUEST] GET /img/face.png
[2025-05-11 05:42:56] [HEADERS] GET /img/face.png
[2025-05-11 05:42:56] [HEADERS] GET /img/zalo.png
[2025-05-11 05:42:56] [REQUEST] GET /img/zalo.png
[2025-05-11 05:42:56] [REQUEST] GET /img/insta.png
[2025-05-11 05:42:56] [HEADERS] GET /img/insta.png
[2025-05-11 05:42:56] [TIME] GET /js/admin-dashboard.js - 5ms
[2025-05-11 05:42:56] [TIME] GET /img/face.png - 4ms
[2025-05-11 05:42:56] [TIME] GET /img/zalo.png - 3ms
[2025-05-11 05:42:56] [TIME] GET /img/insta.png - 3ms
[2025-05-11 06:00:28] ==== SERVER STARTED ====
[2025-05-11 06:00:28] Views path: C:\Users\WIND-OF-FALL\Documents\Web\Web\views
[2025-05-11 06:00:28] Layout set to: C:\Users\WIND-OF-FALL\Documents\Web\Web\views\layouts\main.ejs
[2025-05-11 06:00:28] Server running on port 3001
[2025-05-11 06:00:40] ==== SERVER STARTED ====
[2025-05-11 06:00:40] Views path: C:\Users\WIND-OF-FALL\Documents\Web\Web\views
[2025-05-11 06:00:40] Layout set to: C:\Users\WIND-OF-FALL\Documents\Web\Web\views\layouts\main.ejs
[2025-05-11 06:00:40] Server running on port 3001
[2025-05-11 06:01:05] ==== SERVER STARTED ====
[2025-05-11 06:01:05] Views path: C:\Users\WIND-OF-FALL\Documents\Web\Web\views
[2025-05-11 06:01:05] Layout set to: C:\Users\WIND-OF-FALL\Documents\Web\Web\views\layouts\main.ejs
[2025-05-11 06:01:05] Server running on port 3001
[2025-05-11 06:01:26] ==== SERVER STARTED ====
[2025-05-11 06:01:26] Server running on port 3001
[2025-05-11 06:02:24] [URL] GET /admin
[2025-05-11 06:02:24] [TIME] GET /admin - 6ms
[2025-05-11 06:02:24] [URL] GET /auth/login
[2025-05-11 06:02:24] [RENDER] layouts/main - GET /login
[2025-05-11 06:02:24] [TIME] GET /auth/login - 10ms
[2025-05-11 06:02:24] [RENDER] auth/login - GET /login
[2025-05-11 06:02:38] [URL] POST /auth/login
[2025-05-11 06:02:38] [TIME] POST /auth/login - 87ms
[2025-05-11 06:02:38] [URL] GET /admin
[2025-05-11 06:02:38] [RENDER] admin/dashboard - GET /
[2025-05-11 06:02:38] [RENDER] layouts/main - GET /
[2025-05-11 06:02:38] [TIME] GET /admin - 9ms
[2025-05-11 06:02:42] [URL] GET /admin/users
[2025-05-11 06:02:42] [RENDER] admin/users - GET /users
[2025-05-11 06:02:42] [RENDER] layouts/main - GET /users
[2025-05-11 06:02:42] [TIME] GET /admin/users - 9ms
[2025-05-11 06:02:45] [URL] GET /
[2025-05-11 06:02:45] [RENDER] intro/index - GET /
[2025-05-11 06:02:45] [RENDER] layouts/main - GET /
[2025-05-11 06:02:45] [TIME] GET / - 4ms
[2025-05-11 06:02:50] [URL] GET /tutors
[2025-05-11 06:02:50] [RENDER] tutors/list - GET /
[2025-05-11 06:02:50] [RENDER] layouts/main - GET /
[2025-05-11 06:02:50] [TIME] GET /tutors - 18ms
[2025-05-11 06:25:06] ==== SERVER STARTED ====
[2025-05-11 06:25:06] Server running on port 3001
[2025-05-11 06:25:33] ==== SERVER STARTED ====
[2025-05-11 06:25:33] Server running on port 3001
[2025-05-11 06:25:54] ==== SERVER STARTED ====
[2025-05-11 06:25:54] Server running on port 3001
[2025-05-11 06:26:26] ==== SERVER STARTED ====
[2025-05-11 06:26:26] Server running on port 3001
[2025-05-11 06:28:10] [URL] GET /
[2025-05-11 06:28:10] [RENDER] intro/index - GET /
[2025-05-11 06:28:10] [RENDER] layouts/main - GET /
[2025-05-11 06:28:11] [URL] GET /
[2025-05-11 06:28:11] [RENDER] layouts/main - GET /
[2025-05-11 06:28:11] [RENDER] intro/index - GET /
[2025-05-11 06:28:16] ---------------------------------------
[2025-05-11 06:28:16] [URL] GET /tutors
[2025-05-11 06:28:16] [RENDER] tutors/list - GET /
[2025-05-11 06:28:16] [RENDER] layouts/main - GET /
[2025-05-11 06:28:19] [URL] GET /
[2025-05-11 06:28:19] [RENDER] intro/index - GET /
[2025-05-11 06:28:19] [RENDER] layouts/main - GET /
[2025-05-11 06:28:22] ---------------------------------------
[2025-05-11 06:28:22] [URL] GET /contact
[2025-05-11 06:28:22] [RENDER] contact/index - GET /contact
[2025-05-11 06:28:22] [RENDER] layouts/main - GET /contact
[2025-05-11 06:28:25] [URL] GET /
[2025-05-11 06:28:25] [RENDER] intro/index - GET /
[2025-05-11 06:28:25] [RENDER] layouts/main - GET /
[2025-05-11 06:28:29] [URL] GET /tutors
[2025-05-11 06:28:29] [RENDER] tutors/list - GET /
[2025-05-11 06:28:29] [RENDER] layouts/main - GET /
[2025-05-11 06:28:32] [URL] GET /contact
[2025-05-11 06:28:32] [RENDER] contact/index - GET /contact
[2025-05-11 06:28:32] [RENDER] layouts/main - GET /contact
[2025-05-11 06:28:34] ---------------------------------------
[2025-05-11 06:28:34] [URL] GET /auth/login
[2025-05-11 06:28:35] [RENDER] auth/login - GET /login
[2025-05-11 06:28:35] [RENDER] layouts/main - GET /login
[2025-05-11 06:28:37] ---------------------------------------
[2025-05-11 06:28:37] [URL] POST /auth/login
[2025-05-11 06:28:37] ---------------------------------------
[2025-05-11 06:28:37] [URL] GET /admin
[2025-05-11 06:28:37] [RENDER] admin/dashboard - GET /
[2025-05-11 06:28:37] [RENDER] layouts/main - GET /
[2025-05-11 06:28:40] ---------------------------------------
[2025-05-11 06:28:40] [URL] GET /admin/users
[2025-05-11 06:28:40] [RENDER] layouts/main - GET /users
[2025-05-11 06:28:40] [RENDER] admin/users - GET /users
[2025-05-11 06:41:13] ---------------------------------------
[2025-05-11 06:41:13] [URL] GET /admin/users/edit/1
[2025-05-11 06:41:13] [RENDER] admin/edit_user - GET /users/edit/1
[2025-05-11 06:41:13] [RENDER] layouts/main - GET /users/edit/1
[2025-05-11 06:41:16] [URL] GET /admin
[2025-05-11 06:41:16] [RENDER] admin/dashboard - GET /
[2025-05-11 06:41:16] [RENDER] layouts/main - GET /
[2025-05-11 06:41:19] ---------------------------------------
[2025-05-11 06:41:19] [URL] GET /user
[2025-05-11 06:41:19] [RENDER] user/profile - GET /
[2025-05-11 06:41:19] [RENDER] layouts/main - GET /
[2025-05-11 06:41:20] ---------------------------------------
[2025-05-11 06:41:20] [URL] GET /user/edit-profile
[2025-05-11 06:41:20] [RENDER] user/edit_profile - GET /edit-profile
[2025-05-11 06:41:20] [RENDER] layouts/main - GET /edit-profile
[2025-05-11 06:41:23] [URL] GET /contact
[2025-05-11 06:41:23] [RENDER] contact/index - GET /contact
[2025-05-11 06:41:23] [RENDER] layouts/main - GET /contact
[2025-05-11 06:41:42] [URL] GET /tutors
[2025-05-11 06:41:42] [RENDER] tutors/list - GET /
[2025-05-11 06:41:42] [RENDER] layouts/main - GET /
[2025-05-11 06:41:44] ---------------------------------------
[2025-05-11 06:41:44] [URL] GET /chat
[2025-05-11 06:41:47] [URL] GET /contact
[2025-05-11 06:41:47] [RENDER] layouts/main - GET /contact
[2025-05-11 06:41:47] [RENDER] contact/index - GET /contact
[2025-05-11 06:41:50] [RENDER] layouts/main - GET /
[2025-05-11 06:41:50] [RENDER] intro/index - GET /
[2025-05-11 06:41:50] [URL] GET /
[2025-05-11 06:41:51] [URL] GET /tutors
[2025-05-11 06:41:51] [RENDER] tutors/list - GET /
[2025-05-11 06:41:51] [RENDER] layouts/main - GET /
[2025-05-11 06:43:35] ==== SERVER STARTED ====
[2025-05-11 06:43:35] Server running on port 3001
[2025-05-11 06:43:56] ==== SERVER STARTED ====
[2025-05-11 06:43:56] Server running on port 3001
[2025-05-11 06:44:24] ==== SERVER STARTED ====
[2025-05-11 06:44:24] Server running on port 3001
[2025-05-11 06:52:32] ---------------------------------------
[2025-05-11 06:52:32] [URL] GET /
[2025-05-11 06:52:32] [RENDER] intro/index - GET /
[2025-05-11 06:52:32] [RENDER] layouts/main - GET /
[2025-05-11 06:52:34] ---------------------------------------
[2025-05-11 06:52:34] [URL] GET /tutors
[2025-05-11 06:52:34] [RENDER] tutors/list - GET /tutors
[2025-05-11 06:52:34] [RENDER] layouts/main - GET /tutors
[2025-05-11 06:52:36] ---------------------------------------
[2025-05-11 06:52:36] [URL] GET /classes
[2025-05-11 06:52:36] [RENDER] classes/list - GET /classes
[2025-05-11 06:52:36] [RENDER] layouts/main - GET /classes
[2025-05-11 06:52:38] ---------------------------------------
[2025-05-11 06:52:38] [URL] GET /auth/login
[2025-05-11 06:52:38] [RENDER] auth/login - GET /auth/login
[2025-05-11 06:52:38] [RENDER] layouts/main - GET /auth/login
[2025-05-11 06:52:41] ---------------------------------------
[2025-05-11 06:52:41] [URL] POST /auth/login
[2025-05-11 06:52:42] [REDIRECT] POST /auth/login -> /admin
[2025-05-11 06:52:42] ---------------------------------------
[2025-05-11 06:52:42] [URL] GET /admin
[2025-05-11 06:52:42] [RENDER] admin/dashboard - GET /admin
[2025-05-11 06:52:42] [RENDER] layouts/main - GET /admin
[2025-05-11 06:52:48] ---------------------------------------
[2025-05-11 06:52:48] [URL] GET /admin/users
[2025-05-11 06:52:48] [RENDER] admin/users - GET /admin/users
[2025-05-11 06:52:48] [RENDER] layouts/main - GET /admin/users
[2025-05-11 06:52:50] ---------------------------------------
[2025-05-11 06:52:50] [URL] GET /user
[2025-05-11 06:52:50] [RENDER] user/profile - GET /user
[2025-05-11 06:52:50] [RENDER] layouts/main - GET /user
[2025-05-11 06:52:52] [URL] GET /user/edit-profile
[2025-05-11 06:52:52] [RENDER] user/edit_profile - GET /user/edit-profile
[2025-05-11 06:52:52] [RENDER] layouts/main - GET /user/edit-profile
[2025-05-11 06:52:54] [URL] GET /user
[2025-05-11 06:52:54] [RENDER] user/profile - GET /user
[2025-05-11 06:52:54] [RENDER] layouts/main - GET /user
[2025-05-11 06:53:00] ---------------------------------------
[2025-05-11 06:53:00] [URL] GET /contact
[2025-05-11 06:53:00] [RENDER] contact/index - GET /contact
[2025-05-11 06:53:00] [RENDER] layouts/main - GET /contact
[2025-05-11 06:53:15] [URL] GET /auth/logout
[2025-05-11 06:53:15] ---------------------------------------
[2025-05-11 06:53:15] [REDIRECT] GET /auth/logout -> /auth/login
[2025-05-11 06:53:15] [URL] GET /auth/login
[2025-05-11 06:53:15] [RENDER] auth/login - GET /auth/login
[2025-05-11 06:53:15] [RENDER] layouts/main - GET /auth/login
[2025-05-11 06:53:16] [URL] GET /auth/register
[2025-05-11 06:53:16] [RENDER] layouts/main - GET /auth/register
[2025-05-11 06:53:16] [RENDER] auth/register - GET /auth/register
[2025-05-11 06:53:37] [URL] POST /auth/register
[2025-05-11 06:53:37] ---------------------------------------
[2025-05-11 06:53:37] [REDIRECT] POST /auth/register -> /auth/login
[2025-05-11 06:53:37] ---------------------------------------
[2025-05-11 06:53:37] [URL] GET /auth/login
[2025-05-11 06:53:37] [RENDER] auth/login - GET /auth/login
[2025-05-11 06:53:37] [RENDER] layouts/main - GET /auth/login
[2025-05-11 06:53:39] ---------------------------------------
[2025-05-11 06:53:39] [URL] POST /auth/login
[2025-05-11 06:53:39] [REDIRECT] POST /auth/login -> /tutors
[2025-05-11 06:53:39] [URL] GET /tutors
[2025-05-11 06:53:39] ---------------------------------------
[2025-05-11 06:53:39] [RENDER] tutors/list - GET /tutors
[2025-05-11 06:53:39] [RENDER] layouts/main - GET /tutors
[2025-05-11 06:53:44] ---------------------------------------
[2025-05-11 06:53:44] [URL] GET /contact
[2025-05-11 06:53:44] [RENDER] contact/index - GET /contact
[2025-05-11 06:53:44] [RENDER] layouts/main - GET /contact
[2025-05-11 06:54:15] ---------------------------------------
[2025-05-11 06:54:15] [URL] POST /tutors/register
[2025-05-11 06:54:15] [REDIRECT] POST /tutors/register -> /tutors
[2025-05-11 06:54:15] ---------------------------------------
[2025-05-11 06:54:15] [URL] GET /tutors
[2025-05-11 06:54:15] [RENDER] tutors/list - GET /tutors
[2025-05-11 06:54:15] [RENDER] layouts/main - GET /tutors
[2025-05-11 06:58:15] ==== SERVER STARTED ====
[2025-05-11 06:58:15] Server running on port 3001
[2025-05-11 06:58:45] ==== SERVER STARTED ====
[2025-05-11 06:58:45] Server running on port 3001
[2025-05-11 07:02:45] ---------------------------------------
[2025-05-11 07:02:45] [URL] GET /tutors/17
[2025-05-11 07:02:45] [RENDER] tutors/detail - GET /tutors/17
[2025-05-11 07:02:45] [RENDER] layouts/main - GET /tutors/17
[2025-05-11 07:02:48] ---------------------------------------
[2025-05-11 07:02:48] [URL] GET /auth/login
[2025-05-11 07:02:48] [RENDER] layouts/main - GET /auth/login
[2025-05-11 07:02:48] [RENDER] auth/login - GET /auth/login
[2025-05-11 07:02:51] ---------------------------------------
[2025-05-11 07:02:51] [URL] POST /auth/login
[2025-05-11 07:02:51] [REDIRECT] POST /auth/login -> /tutors
[2025-05-11 07:02:51] ---------------------------------------
[2025-05-11 07:02:51] [URL] GET /tutors
[2025-05-11 07:02:51] [RENDER] tutors/list - GET /tutors
[2025-05-11 07:02:51] [RENDER] layouts/main - GET /tutors
[2025-05-11 07:02:54] ---------------------------------------
[2025-05-11 07:02:54] [URL] GET /contact
[2025-05-11 07:02:54] [RENDER] contact/index - GET /contact
[2025-05-11 07:02:54] [RENDER] layouts/main - GET /contact
[2025-05-11 07:03:23] ---------------------------------------
[2025-05-11 07:03:23] [URL] POST /classes/register
[2025-05-11 07:03:23] [RENDER] registration_result - POST /classes/register
[2025-05-11 07:03:23] [RENDER] layouts/main - POST /classes/register
[2025-05-11 07:03:26] ---------------------------------------
[2025-05-11 07:03:26] [URL] GET /tutors
[2025-05-11 07:03:26] [RENDER] tutors/list - GET /tutors
[2025-05-11 07:03:26] [RENDER] layouts/main - GET /tutors
[2025-05-11 07:14:54] ---------------------------------------
[2025-05-11 07:14:54] [URL] GET /user
[2025-05-11 07:14:54] [RENDER] user/profile - GET /user
[2025-05-11 07:14:54] [RENDER] layouts/main - GET /user
[2025-05-11 07:15:00] ---------------------------------------
[2025-05-11 07:15:00] [URL] GET /auth/logout
[2025-05-11 07:15:00] [REDIRECT] GET /auth/logout -> /auth/login
[2025-05-11 07:15:00] [URL] GET /auth/login
[2025-05-11 07:15:00] [RENDER] auth/login - GET /auth/login
[2025-05-11 07:15:00] [RENDER] layouts/main - GET /auth/login
[2025-05-11 07:15:03] [URL] GET /auth/register
[2025-05-11 07:15:03] ---------------------------------------
[2025-05-11 07:15:03] [RENDER] auth/register - GET /auth/register
[2025-05-11 07:15:03] [RENDER] layouts/main - GET /auth/register
[2025-05-11 07:15:17] ---------------------------------------
[2025-05-11 07:15:17] [URL] POST /auth/register
[2025-05-11 07:15:17] [REDIRECT] POST /auth/register -> /auth/login
[2025-05-11 07:15:17] [URL] GET /auth/login
[2025-05-11 07:15:17] ---------------------------------------
[2025-05-11 07:15:17] [RENDER] layouts/main - GET /auth/login
[2025-05-11 07:15:17] [RENDER] auth/login - GET /auth/login
[2025-05-11 07:15:19] ---------------------------------------
[2025-05-11 07:15:19] [URL] POST /auth/login
[2025-05-11 07:15:20] [REDIRECT] POST /auth/login -> /tutors
[2025-05-11 07:15:20] ---------------------------------------
[2025-05-11 07:15:20] [URL] GET /tutors
[2025-05-11 07:15:20] [RENDER] tutors/list - GET /tutors
[2025-05-11 07:15:20] [RENDER] layouts/main - GET /tutors
[2025-05-11 07:15:24] [URL] GET /user
[2025-05-11 07:15:24] ---------------------------------------
[2025-05-11 07:15:24] [RENDER] user/profile - GET /user
[2025-05-11 07:15:24] [RENDER] layouts/main - GET /user
[2025-05-11 07:15:40] ---------------------------------------
[2025-05-11 07:15:40] [URL] GET /user
[2025-05-11 07:15:40] [RENDER] user/profile - GET /user
[2025-05-11 07:15:40] [RENDER] layouts/main - GET /user
[2025-05-11 07:15:44] [URL] GET /user/edit-profile
[2025-05-11 07:15:44] ---------------------------------------
[2025-05-11 07:15:44] [RENDER] user/edit_profile - GET /user/edit-profile
[2025-05-11 07:15:44] [RENDER] layouts/main - GET /user/edit-profile
[2025-05-11 07:15:47] ---------------------------------------
[2025-05-11 07:15:47] [URL] GET /contact
[2025-05-11 07:15:47] [RENDER] contact/index - GET /contact
[2025-05-11 07:15:47] [RENDER] layouts/main - GET /contact
[2025-05-11 07:16:14] ---------------------------------------
[2025-05-11 07:16:14] [URL] POST /tutors/register
[2025-05-11 07:16:14] [RENDER] registration_result - POST /tutors/register
[2025-05-11 07:16:14] [RENDER] layouts/main - POST /tutors/register
[2025-05-11 07:16:18] [URL] GET /classes
[2025-05-11 07:16:18] ---------------------------------------
[2025-05-11 07:16:18] [RENDER] classes/list - GET /classes
[2025-05-11 07:16:18] [RENDER] layouts/main - GET /classes
[2025-05-11 07:16:26] ---------------------------------------
[2025-05-11 07:16:26] [URL] GET /chat
[2025-05-11 07:16:30] ---------------------------------------
[2025-05-11 07:16:30] [URL] GET /contact
[2025-05-11 07:16:30] [RENDER] layouts/main - GET /contact
[2025-05-11 07:16:30] [RENDER] contact/index - GET /contact
[2025-05-11 07:16:51] ---------------------------------------
[2025-05-11 07:16:51] [URL] POST /tutors/register
[2025-05-11 07:16:51] [RENDER] registration_result - POST /tutors/register
[2025-05-11 07:16:51] [RENDER] layouts/main - POST /tutors/register
[2025-05-11 07:16:55] ---------------------------------------
[2025-05-11 07:16:55] [URL] GET /contact
[2025-05-11 07:16:55] [RENDER] contact/index - GET /contact
[2025-05-11 07:16:55] [RENDER] layouts/main - GET /contact
[2025-05-11 07:18:34] ==== SERVER STARTED ====
[2025-05-11 07:18:35] Server running on port 3001
[2025-05-11 07:19:13] ==== SERVER STARTED ====
[2025-05-11 07:19:13] Server running on port 3001
[2025-05-11 07:26:07] ---------------------------------------
[2025-05-11 07:26:07] [URL] GET /
[2025-05-11 07:26:07] [RENDER] intro/index - GET /
[2025-05-11 07:26:08] [URL] GET /tutors
[2025-05-11 07:26:08] [RENDER] tutors/list - GET /tutors
[2025-05-11 07:26:09] ---------------------------------------
[2025-05-11 07:26:09] [URL] GET /auth/login
[2025-05-11 07:26:09] [RENDER] auth/login - GET /auth/login
[2025-05-11 07:26:11] [URL] POST /auth/login
[2025-05-11 07:26:11] ---------------------------------------
[2025-05-11 07:26:11] [REDIRECT] POST /auth/login -> /tutors
[2025-05-11 07:26:11] Session User: ID: 55 - Phạm Thanh Toàn - user
[2025-05-11 07:26:11] [URL] GET /tutors
[2025-05-11 07:26:11] ---------------------------------------
[2025-05-11 07:26:11] [RENDER] tutors/list - GET /tutors
[2025-05-11 07:26:11] Session User: ID: 55 - Phạm Thanh Toàn - user
[2025-05-11 07:26:11] Session User: ID: 55 - Phạm Thanh Toàn - user
[2025-05-11 07:26:11] Session User: ID: 55 - Phạm Thanh Toàn - user
[2025-05-11 07:26:11] Session User: ID: 55 - Phạm Thanh Toàn - user
[2025-05-11 07:26:15] Session User: ID: 55 - Phạm Thanh Toàn - user
[2025-05-11 07:26:15] ---------------------------------------
[2025-05-11 07:26:15] [RENDER] intro/index - GET /
[2025-05-11 07:26:15] [URL] GET /
[2025-05-11 07:26:17] Session User: ID: 55 - Phạm Thanh Toàn - user
[2025-05-11 07:26:17] [URL] GET /classes
[2025-05-11 07:26:17] [RENDER] classes/list - GET /classes
[2025-05-11 07:26:19] Session User: ID: 55 - Phạm Thanh Toàn - user
[2025-05-11 07:26:19] [URL] GET /classes
[2025-05-11 07:26:19] ---------------------------------------
[2025-05-11 07:26:19] [RENDER] classes/list - GET /classes
[2025-05-11 07:26:21] Session User: ID: 55 - Phạm Thanh Toàn - user
[2025-05-11 07:26:21] ---------------------------------------
[2025-05-11 07:26:21] [URL] GET /contact
[2025-05-11 07:26:21] [RENDER] contact/index - GET /contact
[2025-05-11 07:26:29] Session User: ID: 55 - Phạm Thanh Toàn - user
[2025-05-11 07:26:29] ---------------------------------------
[2025-05-11 07:26:29] [URL] GET /classes
[2025-05-11 07:26:29] [RENDER] classes/list - GET /classes
[2025-05-11 07:26:31] Session User: ID: 55 - Phạm Thanh Toàn - user
[2025-05-11 07:26:31] ---------------------------------------
[2025-05-11 07:26:31] [URL] GET /tutors
[2025-05-11 07:26:31] [RENDER] tutors/list - GET /tutors
[2025-05-11 07:26:32] Session User: ID: 55 - Phạm Thanh Toàn - user
[2025-05-11 07:26:32] Session User: ID: 55 - Phạm Thanh Toàn - user
[2025-05-11 07:26:32] Session User: ID: 55 - Phạm Thanh Toàn - user
[2025-05-11 07:26:32] Session User: ID: 55 - Phạm Thanh Toàn - user
[2025-05-11 07:27:35] ==== SERVER STARTED ====
[2025-05-11 07:27:35] Server running on port 3001
[2025-05-11 07:28:02] ---------------------------------------
[2025-05-11 07:28:02] [URL] GET /tutors/17
[2025-05-11 07:28:02] [RENDER] tutors/detail - GET /tutors/17
[2025-05-11 07:28:05] ---------------------------------------
[2025-05-11 07:28:05] [URL] GET /
[2025-05-11 07:28:05] [RENDER] intro/index - GET /
[2025-05-11 07:28:07] [URL] GET /classes
[2025-05-11 07:28:07] [RENDER] classes/list - GET /classes
[2025-05-11 07:28:09] ---------------------------------------
[2025-05-11 07:28:09] [URL] GET /
[2025-05-11 07:28:09] [RENDER] intro/index - GET /
[2025-05-11 07:28:11] [URL] GET /auth/login
[2025-05-11 07:28:11] [RENDER] auth/login - GET /auth/login
[2025-05-11 07:28:13] ---------------------------------------
[2025-05-11 07:28:13] [URL] POST /auth/login
[2025-05-11 07:28:13] [REDIRECT] POST /auth/login -> /tutors
[2025-05-11 07:28:13] ---------------------------------------
[2025-05-11 07:28:13] ---------------------------------------
[2025-05-11 07:28:13] Session User: ID: 55 - Phạm Thanh Toàn - user
[2025-05-11 07:28:13] [URL] GET /tutors
[2025-05-11 07:28:13] [RENDER] tutors/list - GET /tutors
[2025-05-11 07:28:15] [URL] GET /tutors
[2025-05-11 07:28:15] [RENDER] tutors/list - GET /tutors
[2025-05-11 07:28:16] [URL] GET /
[2025-05-11 07:28:16] [RENDER] intro/index - GET /
[2025-05-11 07:28:16] [URL] GET /classes
[2025-05-11 07:28:16] [RENDER] classes/list - GET /classes
[2025-05-11 07:28:17] [URL] GET /classes
[2025-05-11 07:28:17] [RENDER] classes/list - GET /classes
[2025-05-11 07:28:18] [URL] GET /contact
[2025-05-11 07:28:18] ---------------------------------------
[2025-05-11 07:28:18] [RENDER] contact/index - GET /contact
[2025-05-11 07:28:19] ---------------------------------------
[2025-05-11 07:28:19] [URL] GET /tutors
[2025-05-11 07:28:19] [RENDER] tutors/list - GET /tutors
[2025-05-11 07:28:20] [URL] GET /
[2025-05-11 07:28:20] [RENDER] intro/index - GET /
[2025-05-11 07:29:00] ==== SERVER STARTED ====
[2025-05-11 07:29:00] Server running on port 3001
[2025-05-11 07:29:28] ==== SERVER STARTED ====
[2025-05-11 07:29:28] Server running on port 3001
[2025-05-11 07:29:56] ---------------------------------------
[2025-05-11 07:29:56] [URL] GET /contact
[2025-05-11 07:29:56] [RENDER] contact/index - GET /contact
[2025-05-11 07:29:58] ---------------------------------------
[2025-05-11 07:29:58] [URL] GET /auth/login
[2025-05-11 07:29:58] [RENDER] auth/login - GET /auth/login
[2025-05-11 07:29:59] ---------------------------------------
[2025-05-11 07:29:59] [URL] POST /auth/login
[2025-05-11 07:29:59] [REDIRECT] Session User: ID: 55 - Phạm Thanh Toàn - user | POST /auth/login -> /tutors
[2025-05-11 07:29:59] ---------------------------------------
[2025-05-11 07:29:59] [URL] Session User: ID: 55 - Phạm Thanh Toàn - user | GET /tutors
[2025-05-11 07:29:59] [RENDER] Session User: ID: 55 - Phạm Thanh Toàn - user | tutors/list - GET /tutors
[2025-05-11 07:30:03] ---------------------------------------
[2025-05-11 07:30:03] [URL] Session User: ID: 55 - Phạm Thanh Toàn - user | GET /tutors
[2025-05-11 07:30:03] [RENDER] Session User: ID: 55 - Phạm Thanh Toàn - user | tutors/list - GET /tutors
[2025-05-11 07:30:06] ---------------------------------------
[2025-05-11 07:30:06] [URL] Session User: ID: 55 - Phạm Thanh Toàn - user | GET /
[2025-05-11 07:30:06] [RENDER] Session User: ID: 55 - Phạm Thanh Toàn - user | intro/index - GET /
[2025-05-11 07:30:07] [URL] Session User: ID: 55 - Phạm Thanh Toàn - user | GET /tutors
[2025-05-11 07:30:07] [RENDER] Session User: ID: 55 - Phạm Thanh Toàn - user | tutors/list - GET /tutors
[2025-05-11 07:30:08] ---------------------------------------
[2025-05-11 07:30:08] [URL] Session User: ID: 55 - Phạm Thanh Toàn - user | GET /classes
[2025-05-11 07:30:08] [RENDER] Session User: ID: 55 - Phạm Thanh Toàn - user | classes/list - GET /classes
[2025-05-11 07:30:10] ---------------------------------------
[2025-05-11 07:30:10] [URL] Session User: ID: 55 - Phạm Thanh Toàn - user | GET /classes
[2025-05-11 07:30:10] [RENDER] Session User: ID: 55 - Phạm Thanh Toàn - user | classes/list - GET /classes
[2025-05-11 07:30:10] ---------------------------------------
[2025-05-11 07:30:10] [URL] Session User: ID: 55 - Phạm Thanh Toàn - user | GET /chat
[2025-05-11 07:30:14] ---------------------------------------
[2025-05-11 07:30:14] [URL] Session User: ID: 55 - Phạm Thanh Toàn - user | GET /contact
[2025-05-11 07:30:14] [RENDER] Session User: ID: 55 - Phạm Thanh Toàn - user | contact/index - GET /contact
[2025-05-11 07:30:16] [URL] Session User: ID: 55 - Phạm Thanh Toàn - user | GET /
[2025-05-11 07:30:16] [RENDER] Session User: ID: 55 - Phạm Thanh Toàn - user | intro/index - GET /
[2025-05-11 07:30:20] ---------------------------------------
[2025-05-11 07:30:20] [URL] Session User: ID: 55 - Phạm Thanh Toàn - user | GET /
[2025-05-11 07:30:20] [RENDER] Session User: ID: 55 - Phạm Thanh Toàn - user | intro/index - GET /
[2025-05-11 07:30:21] [URL] Session User: ID: 55 - Phạm Thanh Toàn - user | GET /
[2025-05-11 07:30:21] [RENDER] Session User: ID: 55 - Phạm Thanh Toàn - user | intro/index - GET /
[2025-05-11 07:30:21] [URL] Session User: ID: 55 - Phạm Thanh Toàn - user | GET /
[2025-05-11 07:30:21] [RENDER] Session User: ID: 55 - Phạm Thanh Toàn - user | intro/index - GET /
[2025-05-11 07:30:22] [URL] Session User: ID: 55 - Phạm Thanh Toàn - user | GET /
[2025-05-11 07:30:22] [RENDER] Session User: ID: 55 - Phạm Thanh Toàn - user | intro/index - GET /
[2025-05-11 07:30:22] [URL] Session User: ID: 55 - Phạm Thanh Toàn - user | GET /
[2025-05-11 07:30:22] [RENDER] Session User: ID: 55 - Phạm Thanh Toàn - user | intro/index - GET /
[2025-05-11 07:30:22] [URL] Session User: ID: 55 - Phạm Thanh Toàn - user | GET /
[2025-05-11 07:30:22] [RENDER] Session User: ID: 55 - Phạm Thanh Toàn - user | intro/index - GET /
[2025-05-11 07:30:22] [URL] Session User: ID: 55 - Phạm Thanh Toàn - user | GET /
[2025-05-11 07:30:22] [RENDER] Session User: ID: 55 - Phạm Thanh Toàn - user | intro/index - GET /
[2025-05-11 07:30:22] [URL] Session User: ID: 55 - Phạm Thanh Toàn - user | GET /
[2025-05-11 07:30:22] [RENDER] Session User: ID: 55 - Phạm Thanh Toàn - user | intro/index - GET /
[2025-05-11 07:30:22] [RENDER] Session User: ID: 55 - Phạm Thanh Toàn - user | intro/index - GET /
[2025-05-11 07:30:22] [URL] Session User: ID: 55 - Phạm Thanh Toàn - user | GET /
[2025-05-11 07:30:23] [URL] Session User: ID: 55 - Phạm Thanh Toàn - user | GET /tutors
[2025-05-11 07:30:23] [RENDER] Session User: ID: 55 - Phạm Thanh Toàn - user | tutors/list - GET /tutors
[2025-05-11 07:30:23] [URL] Session User: ID: 55 - Phạm Thanh Toàn - user | GET /tutors
[2025-05-11 07:30:23] [RENDER] Session User: ID: 55 - Phạm Thanh Toàn - user | tutors/list - GET /tutors
[2025-05-11 07:30:26] ---------------------------------------
[2025-05-11 07:30:26] [URL] Session User: ID: 55 - Phạm Thanh Toàn - user | GET /
[2025-05-11 07:30:26] [RENDER] Session User: ID: 55 - Phạm Thanh Toàn - user | intro/index - GET /
[2025-05-11 07:30:27] [URL] Session User: ID: 55 - Phạm Thanh Toàn - user | GET /tutors
[2025-05-11 07:30:27] [RENDER] Session User: ID: 55 - Phạm Thanh Toàn - user | tutors/list - GET /tutors
[2025-05-11 07:30:28] [URL] Session User: ID: 55 - Phạm Thanh Toàn - user | GET /classes
[2025-05-11 07:30:28] ---------------------------------------
[2025-05-11 07:30:28] [RENDER] Session User: ID: 55 - Phạm Thanh Toàn - user | classes/list - GET /classes
[2025-05-11 07:30:30] ---------------------------------------
[2025-05-11 07:30:30] [URL] Session User: ID: 55 - Phạm Thanh Toàn - user | GET /
[2025-05-11 07:30:30] [RENDER] Session User: ID: 55 - Phạm Thanh Toàn - user | intro/index - GET /
[2025-05-11 07:30:33] ---------------------------------------
[2025-05-11 07:30:33] [URL] Session User: ID: 55 - Phạm Thanh Toàn - user | GET /tutors
[2025-05-11 07:30:33] [RENDER] Session User: ID: 55 - Phạm Thanh Toàn - user | tutors/list - GET /tutors
[2025-05-11 07:30:34] [URL] Session User: ID: 55 - Phạm Thanh Toàn - user | GET /
[2025-05-11 07:30:34] [RENDER] Session User: ID: 55 - Phạm Thanh Toàn - user | intro/index - GET /
[2025-05-11 07:30:35] [URL] Session User: ID: 55 - Phạm Thanh Toàn - user | GET /tutors
[2025-05-11 07:30:35] [RENDER] Session User: ID: 55 - Phạm Thanh Toàn - user | tutors/list - GET /tutors
[2025-05-11 07:30:44] ---------------------------------------
[2025-05-11 07:30:44] [URL] Session User: ID: 55 - Phạm Thanh Toàn - user | GET /tutors
[2025-05-11 07:30:44] [RENDER] Session User: ID: 55 - Phạm Thanh Toàn - user | tutors/list - GET /tutors
[2025-05-11 07:30:45] [URL] Session User: ID: 55 - Phạm Thanh Toàn - user | GET /tutors
[2025-05-11 07:30:45] [RENDER] Session User: ID: 55 - Phạm Thanh Toàn - user | tutors/list - GET /tutors
[2025-05-11 07:30:45] [URL] Session User: ID: 55 - Phạm Thanh Toàn - user | GET /tutors
[2025-05-11 07:30:45] [RENDER] Session User: ID: 55 - Phạm Thanh Toàn - user | tutors/list - GET /tutors
[2025-05-11 07:30:45] [URL] Session User: ID: 55 - Phạm Thanh Toàn - user | GET /tutors
[2025-05-11 07:30:45] [RENDER] Session User: ID: 55 - Phạm Thanh Toàn - user | tutors/list - GET /tutors
[2025-05-11 07:30:46] [URL] Session User: ID: 55 - Phạm Thanh Toàn - user | GET /tutors
[2025-05-11 07:30:46] [RENDER] Session User: ID: 55 - Phạm Thanh Toàn - user | tutors/list - GET /tutors
[2025-05-11 07:30:46] [URL] Session User: ID: 55 - Phạm Thanh Toàn - user | GET /tutors
[2025-05-11 07:30:46] [RENDER] Session User: ID: 55 - Phạm Thanh Toàn - user | tutors/list - GET /tutors
[2025-05-11 07:30:46] [URL] Session User: ID: 55 - Phạm Thanh Toàn - user | GET /tutors
[2025-05-11 07:30:46] [RENDER] Session User: ID: 55 - Phạm Thanh Toàn - user | tutors/list - GET /tutors
[2025-05-11 07:30:46] [URL] Session User: ID: 55 - Phạm Thanh Toàn - user | GET /tutors
[2025-05-11 07:30:46] [RENDER] Session User: ID: 55 - Phạm Thanh Toàn - user | tutors/list - GET /tutors
[2025-05-11 07:30:46] [URL] Session User: ID: 55 - Phạm Thanh Toàn - user | GET /tutors
[2025-05-11 07:30:46] [RENDER] Session User: ID: 55 - Phạm Thanh Toàn - user | tutors/list - GET /tutors
[2025-05-11 07:30:46] [URL] Session User: ID: 55 - Phạm Thanh Toàn - user | GET /tutors
[2025-05-11 07:30:46] [RENDER] Session User: ID: 55 - Phạm Thanh Toàn - user | tutors/list - GET /tutors
[2025-05-11 07:31:15] ---------------------------------------
[2025-05-11 07:31:15] [URL] Session User: ID: 55 - Phạm Thanh Toàn - user | GET /
[2025-05-11 07:31:15] [RENDER] Session User: ID: 55 - Phạm Thanh Toàn - user | intro/index - GET /
[2025-05-11 07:31:16] [URL] Session User: ID: 55 - Phạm Thanh Toàn - user | GET /tutors
[2025-05-11 07:31:16] [RENDER] Session User: ID: 55 - Phạm Thanh Toàn - user | tutors/list - GET /tutors
[2025-05-11 07:31:17] ---------------------------------------
[2025-05-11 07:31:17] [URL] Session User: ID: 55 - Phạm Thanh Toàn - user | GET /classes
[2025-05-11 07:31:17] [RENDER] Session User: ID: 55 - Phạm Thanh Toàn - user | classes/list - GET /classes
[2025-05-11 07:31:19] [URL] Session User: ID: 55 - Phạm Thanh Toàn - user | GET /
[2025-05-11 07:31:19] [RENDER] Session User: ID: 55 - Phạm Thanh Toàn - user | intro/index - GET /
[2025-05-11 07:31:20] [URL] Session User: ID: 55 - Phạm Thanh Toàn - user | GET /classes
[2025-05-11 07:31:20] [RENDER] Session User: ID: 55 - Phạm Thanh Toàn - user | classes/list - GET /classes
[2025-05-11 07:31:49] ==== SERVER STARTED ====
[2025-05-11 07:31:49] Server running on port 3001
[2025-05-11 07:32:04] Server running on port 3001
[2025-05-11 07:32:04] ==== SERVER STARTED ====
[2025-05-11 07:32:22] ==== SERVER STARTED ====
[2025-05-11 07:32:22] Server running on port 3001
[2025-05-11 07:32:31] ==== SERVER STARTED ====
[2025-05-11 07:32:31] Server running on port 3001
[2025-05-11 07:32:42] ==== SERVER STARTED ====
[2025-05-11 07:32:42] Server running on port 3001
[2025-05-11 07:33:10] =================================================
[2025-05-11 07:33:10] [URL] GET /tutors
[2025-05-11 07:33:10] =================================================
[2025-05-11 07:33:10] [RENDER] tutors/list - GET /tutors
[2025-05-11 07:33:12] =================================================
[2025-05-11 07:33:12] [URL] GET /classes
[2025-05-11 07:33:12] =================================================
[2025-05-11 07:33:12] [RENDER] classes/list - GET /classes
[2025-05-11 07:33:13] =================================================
[2025-05-11 07:33:13] [URL] GET /
[2025-05-11 07:33:13] =================================================
[2025-05-11 07:33:13] [RENDER] intro/index - GET /
[2025-05-11 07:33:14] [URL] GET /tutors
[2025-05-11 07:33:14] =================================================
[2025-05-11 07:33:14] =================================================
[2025-05-11 07:33:14] [RENDER] tutors/list - GET /tutors
[2025-05-11 07:33:15] =================================================
[2025-05-11 07:33:15] [URL] GET /
[2025-05-11 07:33:15] =================================================
[2025-05-11 07:33:15] [RENDER] intro/index - GET /
[2025-05-11 07:33:16] [URL] GET /auth/login
[2025-05-11 07:33:16] =================================================
[2025-05-11 07:33:16] =================================================
[2025-05-11 07:33:16] [RENDER] auth/login - GET /auth/login
[2025-05-11 07:33:17] =================================================
[2025-05-11 07:33:17] [URL] POST /auth/login
[2025-05-11 07:33:17] =================================================
[2025-05-11 07:33:17] [REDIRECT] Session User: ID: 55 - Phạm Thanh Toàn - user | POST /auth/login -> /tutors
[2025-05-11 07:33:17] =================================================
[2025-05-11 07:33:17] [URL] Session User: ID: 55 - Phạm Thanh Toàn - user | GET /tutors
[2025-05-11 07:33:17] =================================================
[2025-05-11 07:33:17] [RENDER] Session User: ID: 55 - Phạm Thanh Toàn - user | tutors/list - GET /tutors
[2025-05-11 07:33:19] =================================================
[2025-05-11 07:33:19] [URL] Session User: ID: 55 - Phạm Thanh Toàn - user | GET /tutors
[2025-05-11 07:33:19] =================================================
[2025-05-11 07:33:19] [RENDER] Session User: ID: 55 - Phạm Thanh Toàn - user | tutors/list - GET /tutors
[2025-05-11 07:33:19] =================================================
[2025-05-11 07:33:19] [RENDER] Session User: ID: 55 - Phạm Thanh Toàn - user | intro/index - GET /
[2025-05-11 07:33:19] =================================================
[2025-05-11 07:33:19] [URL] Session User: ID: 55 - Phạm Thanh Toàn - user | GET /
[2025-05-11 07:34:31] ==== SERVER STARTED ====
[2025-05-11 07:34:31] Server running on port 3001
[2025-05-11 07:34:49] ==== SERVER STARTED ====
[2025-05-11 07:34:49] Server running on port 3001
[2025-05-11 07:34:58] ==== SERVER STARTED ====
[2025-05-11 07:34:58] Server running on port 3001
[2025-05-11 07:35:21] [URL] GET /tutors
[2025-05-11 07:35:21] [RENDER] tutors/list - GET /tutors
[2025-05-11 07:35:21] =================================================
[2025-05-11 07:35:23] [URL] GET /tutors
[2025-05-11 07:35:23] =================================================
[2025-05-11 07:35:23] [RENDER] tutors/list - GET /tutors
[2025-05-11 07:35:24] [URL] GET /classes
[2025-05-11 07:35:24] =================================================
[2025-05-11 07:35:24] [RENDER] classes/list - GET /classes
[2025-05-11 07:35:24] =================================================
[2025-05-11 07:35:26] [URL] GET /classes
[2025-05-11 07:35:26] [RENDER] classes/list - GET /classes
[2025-05-11 07:35:26] =================================================
[2025-05-11 07:35:26] [URL] GET /classes
[2025-05-11 07:35:26] [RENDER] classes/list - GET /classes
[2025-05-11 07:35:26] =================================================
[2025-05-11 07:35:27] [URL] GET /classes
[2025-05-11 07:35:27] =================================================
[2025-05-11 07:35:27] [RENDER] classes/list - GET /classes
[2025-05-11 07:35:27] [URL] GET /classes
[2025-05-11 07:35:27] [RENDER] classes/list - GET /classes
[2025-05-11 07:35:27] =================================================
[2025-05-11 07:35:28] [URL] GET /classes
[2025-05-11 07:35:28] [RENDER] classes/list - GET /classes
[2025-05-11 07:35:28] =================================================
[2025-05-11 07:35:28] [URL] GET /contact
[2025-05-11 07:35:28] =================================================
[2025-05-11 07:35:28] [RENDER] contact/index - GET /contact
[2025-05-11 07:35:28] =================================================
[2025-05-11 07:35:30] [URL] GET /
[2025-05-11 07:35:30] [RENDER] intro/index - GET /
[2025-05-11 07:35:30] =================================================
[2025-05-11 07:35:32] [URL] GET /auth/login
[2025-05-11 07:35:32] [RENDER] auth/login - GET /auth/login
[2025-05-11 07:35:32] =================================================
[2025-05-11 07:35:33] =================================================
[2025-05-11 07:35:33] [URL] POST /auth/login
[2025-05-11 07:35:33] [REDIRECT] Session User: ID: 55 - Phạm Thanh Toàn - user | POST /auth/login -> /tutors
[2025-05-11 07:35:33] =================================================
[2025-05-11 07:35:33] [URL] Session User: ID: 55 - Phạm Thanh Toàn - user | GET /tutors
[2025-05-11 07:35:33] =================================================
[2025-05-11 07:35:33] =================================================
[2025-05-11 07:35:33] [RENDER] Session User: ID: 55 - Phạm Thanh Toàn - user | tutors/list - GET /tutors
[2025-05-11 07:35:36] [URL] Session User: ID: 55 - Phạm Thanh Toàn - user | GET /
[2025-05-11 07:35:36] [RENDER] Session User: ID: 55 - Phạm Thanh Toàn - user | intro/index - GET /
[2025-05-11 07:35:36] =================================================
[2025-05-11 07:35:37] [URL] Session User: ID: 55 - Phạm Thanh Toàn - user | GET /tutors
[2025-05-11 07:35:37] [RENDER] Session User: ID: 55 - Phạm Thanh Toàn - user | tutors/list - GET /tutors
[2025-05-11 07:35:37] =================================================
[2025-05-11 07:36:03] =================================================
[2025-05-11 07:36:03] [URL] Session User: ID: 55 - Phạm Thanh Toàn - user | GET /tutors
[2025-05-11 07:36:03] [RENDER] Session User: ID: 55 - Phạm Thanh Toàn - user | tutors/list - GET /tutors
[2025-05-11 07:36:03] =================================================
[2025-05-11 07:36:06] [URL] Session User: ID: 55 - Phạm Thanh Toàn - user | GET /
[2025-05-11 07:36:06] [RENDER] Session User: ID: 55 - Phạm Thanh Toàn - user | intro/index - GET /
[2025-05-11 07:36:06] =================================================
[2025-05-11 07:36:08] [URL] Session User: ID: 55 - Phạm Thanh Toàn - user | GET /tutors
[2025-05-11 07:36:08] [RENDER] Session User: ID: 55 - Phạm Thanh Toàn - user | tutors/list - GET /tutors
[2025-05-11 07:36:08] =================================================
[2025-05-11 07:37:03] =================================================
[2025-05-11 07:37:03] [URL] Session User: ID: 55 - Phạm Thanh Toàn - user | GET /contact
[2025-05-11 07:37:03] [RENDER] Session User: ID: 55 - Phạm Thanh Toàn - user | contact/index - GET /contact
[2025-05-11 07:37:03] =================================================
[2025-05-11 07:37:16] [URL] Session User: ID: 55 - Phạm Thanh Toàn - user | POST /tutors/register
[2025-05-11 07:37:16] =================================================
[2025-05-11 07:37:16] [RENDER] Session User: ID: 55 - Phạm Thanh Toàn - user | registration_result - POST /tutors/register
[2025-05-11 07:37:16] =================================================
[2025-05-11 07:38:00] =================================================
[2025-05-11 07:38:00] [URL] Session User: ID: 55 - Phạm Thanh Toàn - user | GET /classes
[2025-05-11 07:38:00] [RENDER] Session User: ID: 55 - Phạm Thanh Toàn - user | classes/list - GET /classes
[2025-05-11 07:38:00] =================================================
[2025-05-11 07:38:03] ==== SERVER STARTED ====
[2025-05-11 07:38:03] Server running on port 3001
[2025-05-11 07:38:14] ==== SERVER STARTED ====
[2025-05-11 07:38:14] Server running on port 3001
[2025-05-11 07:38:43] ==== SERVER STARTED ====
[2025-05-11 07:38:43] Server running on port 3001
[2025-05-11 07:40:56] GET: /tutors
[2025-05-11 07:40:56] RENDER: tutors/list
[2025-05-11 07:40:56] GET: /tutors
[2025-05-11 07:40:56] =================================================
[2025-05-11 07:41:00] =================================================
[2025-05-11 07:41:00] GET: /auth/login
[2025-05-11 07:41:00] RENDER: auth/login
[2025-05-11 07:41:00] GET: /auth/login
[2025-05-11 07:41:00] =================================================
[2025-05-11 07:41:02] =================================================
[2025-05-11 07:41:02] POST: /auth/login
[2025-05-11 07:41:02] SESSION: ID: 55 - Phạm Thanh Toàn - user
[2025-05-11 07:41:02] REDIRECT: /auth/login -> /tutors
[2025-05-11 07:41:02] POST: /auth/login
[2025-05-11 07:41:02] =================================================
[2025-05-11 07:41:02] =================================================
[2025-05-11 07:41:02] SESSION: ID: 55 - Phạm Thanh Toàn - user
[2025-05-11 07:41:02] GET: /tutors
[2025-05-11 07:41:02] SESSION: ID: 55 - Phạm Thanh Toàn - user
[2025-05-11 07:41:02] RENDER: tutors/list
[2025-05-11 07:41:02] GET: /tutors
[2025-05-11 07:41:02] =================================================
[2025-05-11 07:41:07] SESSION: ID: 55 - Phạm Thanh Toàn - user
[2025-05-11 07:41:07] GET: /
[2025-05-11 07:41:07] SESSION: ID: 55 - Phạm Thanh Toàn - user
[2025-05-11 07:41:07] RENDER: intro/index
[2025-05-11 07:41:07] GET: /
[2025-05-11 07:41:07] =================================================
[2025-05-11 07:41:11] SESSION: ID: 55 - Phạm Thanh Toàn - user
[2025-05-11 07:41:11] GET: /tutors
[2025-05-11 07:41:11] SESSION: ID: 55 - Phạm Thanh Toàn - user
[2025-05-11 07:41:11] RENDER: tutors/list
[2025-05-11 07:41:11] GET: /tutors
[2025-05-11 07:41:11] =================================================
[2025-05-11 07:41:13] =================================================
[2025-05-11 07:41:13] SESSION: ID: 55 - Phạm Thanh Toàn - user
[2025-05-11 07:41:13] GET: /classes
[2025-05-11 07:41:13] SESSION: ID: 55 - Phạm Thanh Toàn - user
[2025-05-11 07:41:13] RENDER: classes/list
[2025-05-11 07:41:13] GET: /classes
[2025-05-11 07:41:13] =================================================
[2025-05-11 07:41:17] SESSION: ID: 55 - Phạm Thanh Toàn - user
[2025-05-11 07:41:17] GET: /
[2025-05-11 07:41:17] SESSION: ID: 55 - Phạm Thanh Toàn - user
[2025-05-11 07:41:17] RENDER: intro/index
[2025-05-11 07:41:17] GET: /
[2025-05-11 07:41:17] =================================================
[2025-05-11 07:42:15] ==== SERVER STARTED ====
[2025-05-11 07:42:15] Server running on port 3001
[2025-05-11 07:43:18] GET: /tutors
[2025-05-11 07:43:19] RENDER: tutors/list
[2025-05-11 07:43:19] =================================================
[2025-05-11 07:43:22] GET: /auth/login
[2025-05-11 07:43:22] =================================================
[2025-05-11 07:43:22] RENDER: auth/login
[2025-05-11 07:43:22] =================================================
[2025-05-11 07:43:23] =================================================
[2025-05-11 07:43:23] POST: /auth/login
[2025-05-11 07:43:23] REDIRECT: /auth/login -> /tutors
[2025-05-11 07:43:23] =================================================
[2025-05-11 07:43:23] =================================================
[2025-05-11 07:43:23] SESSION: ID: 55 - Phạm Thanh Toàn - user
[2025-05-11 07:43:23] GET: /tutors
[2025-05-11 07:43:23] RENDER: tutors/list
[2025-05-11 07:43:23] =================================================
[2025-05-11 07:43:26] SESSION: ID: 55 - Phạm Thanh Toàn - user
[2025-05-11 07:43:26] GET: /
[2025-05-11 07:43:26] RENDER: intro/index
[2025-05-11 07:43:26] =================================================
[2025-05-11 07:43:27] SESSION: ID: 55 - Phạm Thanh Toàn - user
[2025-05-11 07:43:27] GET: /tutors
[2025-05-11 07:43:27] RENDER: tutors/list
[2025-05-11 07:43:27] =================================================
[2025-05-11 07:43:28] =================================================
[2025-05-11 07:43:28] SESSION: ID: 55 - Phạm Thanh Toàn - user
[2025-05-11 07:43:28] GET: /classes
[2025-05-11 07:43:28] RENDER: classes/list
[2025-05-11 07:43:28] =================================================
[2025-05-11 07:43:28] =================================================
[2025-05-11 07:43:28] SESSION: ID: 55 - Phạm Thanh Toàn - user
[2025-05-11 07:43:28] GET: /chat
[2025-05-11 07:43:32] =================================================
[2025-05-11 07:43:32] SESSION: ID: 55 - Phạm Thanh Toàn - user
[2025-05-11 07:43:32] GET: /contact
[2025-05-11 07:43:32] =================================================
[2025-05-11 07:43:32] RENDER: contact/index
[2025-05-11 07:43:50] =================================================
[2025-05-11 07:43:50] SESSION: ID: 55 - Phạm Thanh Toàn - user
[2025-05-11 07:43:50] POST: /tutors/register
[2025-05-11 07:43:50] RENDER: registration_result
[2025-05-11 07:43:50] =================================================
[2025-05-11 07:43:55] =================================================
[2025-05-11 07:43:55] SESSION: ID: 55 - Phạm Thanh Toàn - user
[2025-05-11 07:43:55] GET: /contact
[2025-05-11 07:43:55] =================================================
[2025-05-11 07:43:55] RENDER: contact/index
[2025-05-11 07:43:56] SESSION: ID: 55 - Phạm Thanh Toàn - user
[2025-05-11 07:43:56] GET: /contact
[2025-05-11 07:43:56] RENDER: contact/index
[2025-05-11 07:43:56] =================================================
[2025-05-11 07:44:12] =================================================
[2025-05-11 07:44:12] SESSION: ID: 55 - Phạm Thanh Toàn - user
[2025-05-11 07:44:12] POST: /classes/register
[2025-05-11 07:44:12] RENDER: registration_result
[2025-05-11 07:44:12] =================================================
[2025-05-11 07:44:18] =================================================
[2025-05-11 07:44:18] SESSION: ID: 55 - Phạm Thanh Toàn - user
[2025-05-11 07:44:18] GET: /tutors
[2025-05-11 07:44:18] RENDER: tutors/list
[2025-05-11 07:44:18] =================================================
[2025-05-11 07:46:21] =================================================
[2025-05-11 07:46:21] SESSION: ID: 55 - Phạm Thanh Toàn - user
[2025-05-11 07:46:21] GET: /
[2025-05-11 07:46:21] RENDER: intro/index
[2025-05-11 07:46:21] =================================================
[2025-05-11 07:46:25] SESSION: ID: 55 - Phạm Thanh Toàn - user
[2025-05-11 07:46:25] GET: /contact
[2025-05-11 07:46:25] RENDER: contact/index
[2025-05-11 07:46:25] =================================================
[2025-05-11 07:46:44] =================================================
[2025-05-11 07:46:44] SESSION: ID: 55 - Phạm Thanh Toàn - user
[2025-05-11 07:46:44] GET: /contact
[2025-05-11 07:46:44] =================================================
[2025-05-11 07:46:44] RENDER: contact/index
[2025-05-11 07:49:38] =================================================
[2025-05-11 07:49:38] SESSION: ID: 55 - Phạm Thanh Toàn - user
[2025-05-11 07:49:38] GET: /contact
[2025-05-11 07:49:38] =================================================
[2025-05-11 07:49:38] RENDER: contact/index
[2025-05-11 07:49:39] SESSION: ID: 55 - Phạm Thanh Toàn - user
[2025-05-11 07:49:39] GET: /
[2025-05-11 07:49:39] =================================================
[2025-05-11 07:49:39] RENDER: intro/index
[2025-05-11 07:49:42] SESSION: ID: 55 - Phạm Thanh Toàn - user
[2025-05-11 07:49:42] GET: /tutors
[2025-05-11 07:49:42] RENDER: tutors/list
[2025-05-11 07:49:42] =================================================
[2025-05-11 07:49:44] SESSION: ID: 55 - Phạm Thanh Toàn - user
[2025-05-11 07:49:44] GET: /tutors/17
[2025-05-11 07:49:44] RENDER: tutors/detail
[2025-05-11 07:49:44] =================================================
[2025-05-11 07:49:56] =================================================
[2025-05-11 07:49:56] SESSION: ID: 55 - Phạm Thanh Toàn - user
[2025-05-11 07:49:56] GET: /tutors
[2025-05-11 07:49:56] RENDER: tutors/list
[2025-05-11 07:49:56] =================================================
[2025-05-11 08:35:37] =================================================
[2025-05-11 08:35:37] SESSION: ID: 55 - Phạm Thanh Toàn - user
[2025-05-11 08:35:37] GET: /tutors
[2025-05-11 08:35:37] =================================================
[2025-05-11 08:35:37] RENDER: tutors/list
[2025-05-11 08:35:38] SESSION: ID: 55 - Phạm Thanh Toàn - user
[2025-05-11 08:35:38] GET: /
[2025-05-11 08:35:38] RENDER: intro/index
[2025-05-11 08:35:38] =================================================
[2025-05-11 08:35:44] =================================================
[2025-05-11 08:35:44] SESSION: ID: 55 - Phạm Thanh Toàn - user
[2025-05-11 08:35:44] GET: /classes
[2025-05-11 08:35:44] RENDER: classes/list
[2025-05-11 08:35:44] =================================================
[2025-05-11 08:35:45] =================================================
[2025-05-11 08:35:45] SESSION: ID: 55 - Phạm Thanh Toàn - user
[2025-05-11 08:35:45] GET: /chat
[2025-05-11 08:35:49] =================================================
[2025-05-11 08:35:49] SESSION: ID: 55 - Phạm Thanh Toàn - user
[2025-05-11 08:35:49] GET: /contact
[2025-05-11 08:35:49] RENDER: contact/index
[2025-05-11 08:35:49] =================================================
[2025-05-11 08:35:51] =================================================
[2025-05-11 08:35:51] SESSION: ID: 55 - Phạm Thanh Toàn - user
[2025-05-11 08:35:51] GET: /tutors
[2025-05-11 08:35:51] RENDER: tutors/list
[2025-05-11 08:35:51] =================================================
[2025-05-11 08:35:52] SESSION: ID: 55 - Phạm Thanh Toàn - user
[2025-05-11 08:35:52] GET: /tutors/17
[2025-05-11 08:35:52] RENDER: tutors/detail
[2025-05-11 08:35:52] =================================================
[2025-05-11 08:35:53] =================================================
[2025-05-11 08:35:53] SESSION: ID: 55 - Phạm Thanh Toàn - user
[2025-05-11 08:35:53] GET: /classes
[2025-05-11 08:35:53] RENDER: classes/list
[2025-05-11 08:35:53] =================================================
[2025-05-11 08:35:55] SESSION: ID: 55 - Phạm Thanh Toàn - user
[2025-05-11 08:35:55] GET: /classes/2
[2025-05-11 08:35:55] RENDER: classes/detail
[2025-05-11 08:35:55] =================================================
[2025-05-11 08:35:59] SESSION: ID: 55 - Phạm Thanh Toàn - user
[2025-05-11 08:35:59] GET: /classes/2
[2025-05-11 08:35:59] RENDER: classes/detail
[2025-05-11 08:35:59] =================================================
[2025-05-11 08:36:05] SESSION: ID: 55 - Phạm Thanh Toàn - user
[2025-05-11 08:36:05] GET: /classes/4
[2025-05-11 08:36:05] =================================================
[2025-05-11 08:36:05] RENDER: classes/detail
[2025-05-11 08:36:05] =================================================
